2025-10-23 11:10:17.620 MainThread udi_interface      INFO     polylogger:set_basic_config: set_basic_config: enable=True level=30
2025-10-23 11:10:17.620 MainThread udi_interface      INFO     __init__:<module>: UDI interface initializing
2025-10-23 11:10:17.620 MainThread udi_interface      INFO     __init__:<module>: User=None
2025-10-23 11:10:17.620 MainThread udi_interface      INFO     __init__:<module>: Home=/var/polyglot/pg3/ns/0021b9026dcd_7
2025-10-23 11:10:17.620 MainThread udi_interface      INFO     __init__:<module>: Node Server Path=/var/polyglot/pg3/ns/0021b9026dcd_7
2025-10-23 11:10:17.620 MainThread udi_interface      INFO     __init__:<module>: PG3INIT=eyJ1dWlkIjoiMDA6MjE6Yjk6MDI6NmQ6Y2QiLCJwcm9maWxlTnVtIjo3LCJsb2dMZXZlbCI6IkRFQlVHIiwidG9rZW4iOiJkd3BTP2ZzKEEqZW8tN0dPIiwibXF0dEhvc3QiOiJsb2NhbGhvc3QiLCJtcXR0UG9ydCI6ODg4Mywic2VjdXJlIjoxLCJpc1BHM3giOnRydWUsInBnM1ZlcnNpb24iOiIzLjMuMjIiLCJpc3lWZXJzaW9uIjoiNi4wLjAiLCJlZGl0aW9uIjoiRnJlZSJ9
2025-10-23 11:10:17.620 MainThread udi_interface      INFO     __init__:<module>: Loading interface module
2025-10-23 11:10:17.640 MainThread udi_interface      INFO     interface:<module>: Loading MQTT module
2025-10-23 11:10:18.092 MainThread udi_interface      INFO     interface:<module>: MQTT module loaded
2025-10-23 11:10:18.228 MainThread udi_interface      INFO     __init__:<module>: Loading udi_interface module
2025-10-23 11:10:18.228 MainThread udi_interface      INFO     __init__:<module>: Loading node module
2025-10-23 11:10:18.228 MainThread udi_interface      INFO     __init__:<module>: Loading custom module
2025-10-23 11:10:18.229 MainThread udi_interface      INFO     __init__:<module>: Loading isy module
2025-10-23 11:10:18.229 MainThread udi_interface      INFO     __init__:<module>: Loading OAuth module
2025-10-23 11:10:18.229 MainThread udi_interface      INFO     __init__:<module>: UDI interface initialized
2025-10-23 11:10:18.229 MainThread udi_interface      INFO     __init__:<module>: UDI Python Interface for Polyglot version 3 3.3.18 Starting...
2025-10-23 11:10:18.377 MainThread udi_interface.interface INFO     interface:__init__: Initialization received from Polyglot V3 3.3.22  [ISY: 6.0.0, Slot: 7]
2025-10-23 11:10:18.377 MainThread udi_interface.interface INFO     interface:__init__: Connect: Network Interface: {'addr': '192.168.1.204', 'netmask': '255.255.255.0', 'broadcast': '192.168.1.255'}
2025-10-23 11:10:18.378 Interface  udi_interface.interface INFO     interface:_startMqtt: Connecting to MQTT... localhost:8883
2025-10-23 11:10:18.379 MainThread udi_interface.interface WARNING  interface:db_getNodeDrivers: setup not found in database.
2025-10-23 11:10:18.379 Interface  udi_interface.interface INFO     interface:_startMqtt: Using SSL cert: 0021b9026dcd_7.cert key: 0021b9026dcd_7.key ca: /usr/local/etc/ssl/certs/ud.ca.cert
2025-10-23 11:10:18.379 MainThread udi_interface      INFO     udiYoLinkLocal:__init__: Version 1.6.5
2025-10-23 11:10:18.379 MainThread udi_interface      DEBUG    udiYoLinkLocal:__init__: YoLinkSetup init
2025-10-23 11:10:18.379 MainThread udi_interface      DEBUG    udiYoLinkLocal:__init__: self.address : setup
2025-10-23 11:10:18.379 MainThread udi_interface      DEBUG    udiYoLinkLocal:__init__: self.name :YoLinkSetup
2025-10-23 11:10:18.379 MainThread udi_interface.interface INFO     interface:updateProfile: Sending Install Profile command to Polyglot.
2025-10-23 11:10:18.380 MainThread udi_interface.interface INFO     interface:addNode: Adding node YoLinkSetup(setup) [None]
2025-10-23 11:10:18.382 Interface  udi_interface.interface INFO     interface:_startMqtt: MQTT keepalive is 300 seconds.
2025-10-23 11:10:18.430 MQTT       udi_interface.interface INFO     interface:_connect: MQTT Connected with Reason code: Success
2025-10-23 11:10:18.431 MQTT       udi_interface.interface INFO     interface:_connect: MQTT Subscribing to topic: udi/pg3/ns/clients/00:21:b9:02:6d:cd_7 -  MID: 2 Result: 0
2025-10-23 11:10:18.474 MQTT       udi_interface.interface INFO     interface:_subscribe: MQTT Subscribed Successfully for Message ID: 2. Reason codes: ['Granted QoS 0']
2025-10-23 11:10:18.540 Thread-2 (handleLevelChange) udi_interface      INFO     udiCommonLib:handleLevelChange: New log level: {'name': 'DEBUG', 'level': 10}
2025-10-23 11:10:18.583 MQTT       udi_interface.interface DEBUG    interface:_message: QUEUING incoming message getAll
2025-10-23 11:10:18.584 Command    udi_interface.interface DEBUG    interface:_parseInput: DEQUEING getAll
2025-10-23 11:10:18.584 Command    udi_interface.interface DEBUG    interface:_handleInput: PROCESS getAll message {'id': 'a10af9e9-304b-4193-b900-c5638e4f14f8', 'uuid': '00:21:b9:02:6d:cd', 'profileNum': 7, 'key': 'customparams', 'value': '{"UAID":"ua_05E8E07C48EC4639BB2CE61CAFCC551A","SECRET_KEY":"sec_v1_uufF2C3GIb+kcV5ipS+9tg==","TEMP_UNIT":"F","LOCAL_CLIENT_ID":"bfae5ecc-4312-41d3-b109-7cba0a59a203","LOCAL_CLIENT_SECRET":"sec_v1_bQO0teM1TFND4prgJaRZwg==","LOCAL_IP":"192.168.1.244","MODE":"hybrid","SUBNET_ID":"C00023","8b4c0100092ca9":"YoLink Plug","8b4c0200134989":"YoLink Relay Plug"}', 'dbVersion': 1} from Polyglot
2025-10-23 11:10:18.584 MQTT       udi_interface.interface DEBUG    interface:_message: QUEUING incoming message getNsInfo
2025-10-23 11:10:18.585 Command    udi_interface.interface DEBUG    interface:_handleInput: PROCESS getAll message {'id': 'c49970c9-2d5a-4b95-b49e-deccc0c12111', 'uuid': '00:21:b9:02:6d:cd', 'profileNum': 7, 'key': 'customtypeddata', 'value': '{}', 'dbVersion': 1} from Polyglot
2025-10-23 11:10:18.585 Thread-3 (handleParams) udi_interface      DEBUG    udiYoLinkLocal:handleParams: handleParams
2025-10-23 11:10:18.585 Command    udi_interface.interface DEBUG    interface:_handleInput: PROCESS getAll message {'id': '35e99b47-c958-42c1-a380-82f76fc116af', 'uuid': '00:21:b9:02:6d:cd', 'profileNum': 7, 'key': 'notices', 'value': '{}', 'dbVersion': 1} from Polyglot
2025-10-23 11:10:18.585 Thread-3 (handleParams) udi_interface.custom DEBUG    custom:load: CUSTOM: load {'UAID': 'ua_05E8E07C48EC4639BB2CE61CAFCC551A', 'SECRET_KEY': 'sec_v1_uufF2C3GIb+kcV5ipS+9tg==', 'TEMP_UNIT': 'F', 'LOCAL_CLIENT_ID': 'bfae5ecc-4312-41d3-b109-7cba0a59a203', 'LOCAL_CLIENT_SECRET': 'sec_v1_bQO0teM1TFND4prgJaRZwg==', 'LOCAL_IP': '192.168.1.244', 'MODE': 'hybrid', 'SUBNET_ID': 'C00023', '8b4c0100092ca9': 'YoLink Plug', '8b4c0200134989': 'YoLink Relay Plug'}
2025-10-23 11:10:18.586 Command    udi_interface.custom DEBUG    custom:load: CUSTOM: load {}
2025-10-23 11:10:18.586 Thread-3 (handleParams) udi_interface.custom DEBUG    custom:load: CUSTOM:  -- checking UAID / ua_05E8E07C48EC4639BB2CE61CAFCC551A
2025-10-23 11:10:18.586 Command    udi_interface.interface DEBUG    interface:_handleInput: PROCESS getAll message {'id': '17010ce9-8eb8-49da-a05f-f9e24d13aa7d', 'uuid': '00:21:b9:02:6d:cd', 'profileNum': 7, 'key': 'nsdata', 'value': '', 'dbVersion': 1} from Polyglot
2025-10-23 11:10:18.586 Thread-3 (handleParams) udi_interface.custom DEBUG    custom:load: CUSTOM:  -- checking SECRET_KEY / sec_v1_uufF2C3GIb+kcV5ipS+9tg==
2025-10-23 11:10:18.586 Command    udi_interface.interface DEBUG    interface:_handleInput: Key nsdata should be passed to node server.
2025-10-23 11:10:18.586 Thread-3 (handleParams) udi_interface.custom DEBUG    custom:load: CUSTOM:  -- checking TEMP_UNIT / F
2025-10-23 11:10:18.586 Command    udi_interface.interface DEBUG    interface:_handleInput: PROCESS getAll message {'id': 'f6c2d7b1-8c95-4fa6-b847-cbf68b31d6f1', 'uuid': '00:21:b9:02:6d:cd', 'profileNum': 7, 'key': 'oauth', 'value': '', 'dbVersion': 1} from Polyglot
2025-10-23 11:10:18.586 Thread-3 (handleParams) udi_interface.custom DEBUG    custom:load: CUSTOM:  -- checking LOCAL_CLIENT_ID / bfae5ecc-4312-41d3-b109-7cba0a59a203
2025-10-23 11:10:18.587 Command    udi_interface.interface DEBUG    interface:_handleInput: Key oauth should be passed to node server.
2025-10-23 11:10:18.587 Thread-3 (handleParams) udi_interface.custom DEBUG    custom:load: CUSTOM:  -- checking LOCAL_CLIENT_SECRET / sec_v1_bQO0teM1TFND4prgJaRZwg==
2025-10-23 11:10:18.587 Command    udi_interface.interface DEBUG    interface:_parseInput: DEQUEING getNsInfo
2025-10-23 11:10:18.587 Thread-3 (handleParams) udi_interface.custom DEBUG    custom:load: CUSTOM:  -- checking LOCAL_IP / 192.168.1.244
2025-10-23 11:10:18.588 Command    udi_interface.interface DEBUG    interface:_handleInput: PROCESS getNsInfo message {'id': 'f0667c36-b7e2-4a64-add3-3400baa06289', 'uuid': '00:21:b9:02:6d:cd', 'name': 'udiTeslaPW2', 'nsid': '09a306c6-ba96-4ed6-8beb-e915947d826a', 'expires': 0, 'nickname': None, 'profileNum': 9, 'developerMode': 0, 'timeAdded': 1733159552922, 'timeStarted': 1760227013098, 'timeModified': 1760917324750, 'version': '0.1.30', 'edition': 'Standard', 'branch': 'DEV3', 'url': 'https://github.com/Panda88CO/udi-teslaPW2', 'home': '/var/polyglot/pg3/ns/0021b9026dcd_9', 'log': 'logs/debug.log', 'logLevel': 'DEBUG', 'logLevelList': '[{"id":4,"name":"Debug","value":"DEBUG","level":10},{"id":3,"name":"Info","value":"INFO","level":20},{"id":2,"name":"Warning","value":"WARNING","level":30},{"id":1,"name":"Error","value":"ERROR","level":40},{"id":0,"name":"Critical","value":"CRITICAL","level":50}]', 'enabled': 0, 'connected': 0, 'devMode': 0, 'type': 'python3', 'executable': 'TeslaPW2main.py', 'shortPoll': 300, 'longPoll': 1800, 'allowIsyAccess': 0, 'nsInfoPoll': 0, 'discover': 0, 'oauth': 1, 'requestId': 0, 'status_node': None, 'status_driver': None, 'orderId': None, 'store': 'Local', 'option': '2866fa15-622e-4147-9436-a7051a13e261', 'noLicense': 1, 'latestVersion': '0.1.29', 'dbVersion': 1} from Polyglot
2025-10-23 11:10:18.588 Thread-3 (handleParams) udi_interface.custom DEBUG    custom:load: CUSTOM:  -- checking MODE / hybrid
2025-10-23 11:10:18.588 Command    udi_interface.interface DEBUG    interface:_handleInput: PROCESS getNsInfo message {'id': '784a710f-e500-47a1-8c2b-e2a735d7e642', 'uuid': '00:21:b9:02:6d:cd', 'name': 'YoLinkTest', 'nsid': 'ce811897-5872-469f-9c02-8dc5f3e59f93', 'expires': 0, 'nickname': None, 'profileNum': 11, 'developerMode': 0, 'timeAdded': 1736470447631, 'timeStarted': 1761069987321, 'timeModified': 1761158547924, 'version': '1.6.4', 'edition': 'Free', 'branch': 'DEV1', 'url': 'https://github.com/Panda88CO/udi-yolink', 'home': '/var/polyglot/pg3/ns/0021b9026dcd_11', 'log': 'logs/debug.log', 'logLevel': 'DEBUG', 'logLevelList': '[{"id":4,"name":"Debug","value":"DEBUG","level":10},{"id":3,"name":"Info","value":"INFO","level":20},{"id":2,"name":"Warning","value":"WARNING","level":30},{"id":1,"name":"Error","value":"ERROR","level":40},{"id":0,"name":"Critical","value":"CRITICAL","level":50}]', 'enabled': 0, 'connected': 0, 'devMode': 0, 'type': 'python3', 'executable': 'udi-YoLink.py', 'shortPoll': 300, 'longPoll': 3600, 'allowIsyAccess': 0, 'nsInfoPoll': 0, 'discover': 0, 'oauth': 0, 'requestId': 0, 'status_node': None, 'status_driver': None, 'orderId': None, 'store': 'Local', 'option': '248c1036-e39c-4781-a766-6f5552ad31cb', 'noLicense': 1, 'latestVersion': '1.6.3', 'dbVersion': 1} from Polyglot
2025-10-23 11:10:18.588 Thread-3 (handleParams) udi_interface.custom DEBUG    custom:load: CUSTOM:  -- checking SUBNET_ID / C00023
2025-10-23 11:10:18.588 Command    udi_interface.interface DEBUG    interface:_handleInput: PROCESS getNsInfo message {'id': 'f1c5ef49-5905-433a-ad09-f704e7e9c084', 'uuid': '00:21:b9:02:6d:cd', 'name': 'SpanIO', 'nsid': '02cfe3bd-f1d5-4fd4-ae5f-3d83228c144d', 'expires': 0, 'nickname': None, 'profileNum': 4, 'developerMode': 0, 'timeAdded': 1737265969549, 'timeStarted': 1737412877430, 'timeModified': 1759601820612, 'version': '0.1.13', 'edition': 'Standard', 'branch': 'DEV1', 'url': 'https://github.com/Panda88CO/udi-SpanIO', 'home': '/var/polyglot/pg3/ns/0021b9026dcd_4', 'log': 'logs/debug.log', 'logLevel': 'DEBUG', 'logLevelList': '[{"id":4,"name":"Debug","value":"DEBUG","level":10},{"id":3,"name":"Info","value":"INFO","level":20},{"id":2,"name":"Warning","value":"WARNING","level":30},{"id":1,"name":"Error","value":"ERROR","level":40},{"id":0,"name":"Critical","value":"CRITICAL","level":50}]', 'enabled': 0, 'connected': 0, 'devMode': 0, 'type': 'python3', 'executable': 'udiSpan.py', 'shortPoll': 60, 'longPoll': 600, 'allowIsyAccess': 0, 'nsInfoPoll': 0, 'discover': 0, 'oauth': 0, 'requestId': 0, 'status_node': None, 'status_driver': None, 'orderId': None, 'store': 'Local', 'option': 'fa37dc62-cde9-4aca-b4a0-0fbfe4daec34', 'noLicense': 1, 'latestVersion': '0.1.13', 'dbVersion': 1} from Polyglot
2025-10-23 11:10:18.588 Thread-3 (handleParams) udi_interface.custom DEBUG    custom:load: CUSTOM:  -- checking 8b4c0100092ca9 / YoLink Plug
2025-10-23 11:10:18.588 Command    udi_interface.interface DEBUG    interface:_handleInput: PROCESS getNsInfo message {'id': '1506599b-1827-46c8-91c4-f28fc8a9d885', 'uuid': '00:21:b9:02:6d:cd', 'name': 'TeslaEVstream', 'nsid': 'fc6f63ff-b210-4076-a111-c0f40c748a74', 'expires': 0, 'nickname': None, 'profileNum': 18, 'developerMode': 0, 'timeAdded': 1748019345855, 'timeStarted': 1757368237997, 'timeModified': 1759601876331, 'version': '0.2.11', 'edition': 'Free', 'branch': 'main', 'url': 'https://github.com/Panda88CO/TeslaEV3', 'home': '/var/polyglot/pg3/ns/0021b9026dcd_18', 'log': 'logs/debug.log', 'logLevel': 'INFO', 'logLevelList': '[{"id":4,"name":"Debug","value":"DEBUG","level":10},{"id":3,"name":"Info","value":"INFO","level":20},{"id":2,"name":"Warning","value":"WARNING","level":30},{"id":1,"name":"Error","value":"ERROR","level":40},{"id":0,"name":"Critical","value":"CRITICAL","level":50}]', 'enabled': 0, 'connected': 0, 'devMode': 0, 'type': 'python3', 'executable': 'TeslaEV3main.py', 'shortPoll': 300, 'longPoll': 7200, 'allowIsyAccess': 0, 'nsInfoPoll': 0, 'discover': 0, 'oauth': 1, 'requestId': 0, 'status_node': None, 'status_driver': None, 'orderId': None, 'store': 'Production', 'option': '5a4f2b45-0f05-4b6b-a634-f677e85e9c7b', 'noLicense': 1, 'latestVersion': '0.2.11', 'dbVersion': 1} from Polyglot
2025-10-23 11:10:18.588 Thread-3 (handleParams) udi_interface.custom DEBUG    custom:load: CUSTOM:  -- checking 8b4c0200134989 / YoLink Relay Plug
2025-10-23 11:10:18.589 Command    udi_interface.interface DEBUG    interface:_handleInput: PROCESS getNsInfo message {'id': '4c668a69-bd16-4aac-a489-99d6c3422a5e', 'uuid': '00:21:b9:02:6d:cd', 'name': 'Netro_watering', 'nsid': 'dd5f609e-51c8-43d5-a06e-625b8f948a81', 'expires': 0, 'nickname': None, 'profileNum': 19, 'developerMode': 0, 'timeAdded': 1759941100219, 'timeStarted': 1760939318512, 'timeModified': 1760939321362, 'version': '0.0.17', 'edition': 'Standard', 'branch': 'main', 'url': 'https://github.com/Panda88CO/udiNetro', 'home': '/var/polyglot/pg3/ns/0021b9026dcd_19', 'log': 'logs/debug.log', 'logLevel': 'INFO', 'logLevelList': '[{"id":4,"name":"Debug","value":"DEBUG","level":10},{"id":3,"name":"Info","value":"INFO","level":20},{"id":2,"name":"Warning","value":"WARNING","level":30},{"id":1,"name":"Error","value":"ERROR","level":40},{"id":0,"name":"Critical","value":"CRITICAL","level":50}]', 'enabled': 0, 'connected': 0, 'devMode': 0, 'type': 'python3', 'executable': 'udiNetro.py', 'shortPoll': 60, 'longPoll': 1200, 'allowIsyAccess': 0, 'nsInfoPoll': 0, 'discover': 0, 'oauth': 0, 'requestId': 0, 'status_node': None, 'status_driver': None, 'orderId': None, 'store': 'Production', 'option': 'da500285-7dfb-49ee-9082-bc65e1ac8d1b', 'noLicense': 1, 'latestVersion': '0.0.17', 'dbVersion': 1} from Polyglot
2025-10-23 11:10:18.589 Thread-3 (handleParams) udi_interface.custom DEBUG    custom:clear: CUSTOM: Clear  ...saving
2025-10-23 11:10:18.589 Command    udi_interface.interface DEBUG    interface:_handleInput: PROCESS getNsInfo message {'id': 'b17c418e-cc79-48a0-9d99-f84754a4e0ec', 'uuid': '00:21:b9:02:6d:cd', 'name': 'YolinkLocal', 'nsid': '0e152549-cca9-4835-9981-9028cbe258bb', 'expires': 0, 'nickname': None, 'profileNum': 7, 'developerMode': 0, 'timeAdded': 1760905420379, 'timeStarted': 1761243017406, 'timeModified': 1761243018493, 'version': '1.6.5', 'edition': 'Free', 'branch': 'main_tst', 'url': 'https://github.com/Panda88CO/udi-yolink', 'home': '/var/polyglot/pg3/ns/0021b9026dcd_7', 'log': 'logs/debug.log', 'logLevel': 'DEBUG', 'logLevelList': '[{"id":4,"name":"Debug","value":"DEBUG","level":10},{"id":3,"name":"Info","value":"INFO","level":20},{"id":2,"name":"Warning","value":"WARNING","level":30},{"id":1,"name":"Error","value":"ERROR","level":40},{"id":0,"name":"Critical","value":"CRITICAL","level":50}]', 'enabled': 1, 'connected': 1, 'devMode': 0, 'type': 'python3', 'executable': 'udiYoLinkLocal.py', 'shortPoll': 60, 'longPoll': 3600, 'allowIsyAccess': 0, 'nsInfoPoll': 0, 'discover': 0, 'oauth': 0, 'requestId': 0, 'status_node': None, 'status_driver': None, 'orderId': None, 'store': 'Local', 'option': 'b8c653c3-02b9-4fbc-a890-03dee8db6500', 'noLicense': 1, 'latestVersion': '1.6.5', 'dbVersion': 1} from Polyglot
2025-10-23 11:10:18.589 Thread-3 (handleParams) udi_interface.custom INFO     custom:_save: Sending data notices to Polyglot.
2025-10-23 11:10:18.590 Thread-1 (send_thread) udi_interface.interface DEBUG    interface:_send: PUBLISHING {'set': [{'key': 'notices', 'value': {}}]}
2025-10-23 11:10:18.605 MQTT       udi_interface.interface DEBUG    interface:_message: QUEUING incoming message custom
2025-10-23 11:10:18.606 Command    udi_interface.interface DEBUG    interface:_parseInput: DEQUEING custom
2025-10-23 11:10:18.606 Command    udi_interface.interface DEBUG    interface:_handleInput: PROCESS custom message {'notices': '{}'} from Polyglot
2025-10-23 11:10:18.606 Command    udi_interface.interface DEBUG    interface:_handleInput: Process custom message notices from Polyglot
2025-10-23 11:10:18.606 Command    udi_interface.custom DEBUG    custom:load: CUSTOM: load {}
2025-10-23 11:10:18.645 MQTT       udi_interface.interface INFO     interface:_message: Successfully set key = notices
2025-10-23 11:10:18.685 MQTT       udi_interface.interface DEBUG    interface:_message: QUEUING incoming message addnode
2025-10-23 11:10:18.685 Command    udi_interface.interface DEBUG    interface:_parseInput: DEQUEING addnode
2025-10-23 11:10:18.686 Command    udi_interface.interface DEBUG    interface:_handleInput: PROCESS addnode message {'id': '13d2fee8-e1ef-44ed-a558-723eda8850d4', 'uuid': '00:21:b9:02:6d:cd', 'profileNum': 7, 'address': 'setup', 'name': 'YoLinkSetup', 'nodeDefId': 'setup', 'nls': None, 'hint': '0x00000000', 'controller': 0, 'primaryNode': 'setup', 'private': None, 'isPrimary': 1, 'enabled': 1, 'timeAdded': 1760905440283, 'timeModified': 1760905440283, 'dbVersion': 1} from Polyglot
2025-10-23 11:10:18.686 Thread-6 (start) udi_interface      INFO     udiYoLinkLocal:start: Executing start - udi-YoLink
2025-10-23 11:10:18.686 Thread-6 (start) udi_interface      INFO     udiYoLinkLocal:start: Access using PAC/UAC
2025-10-23 11:10:18.687 Command    udi_interface.interface DEBUG    interface:_handleAddNode: add node response: {'id': '13d2fee8-e1ef-44ed-a558-723eda8850d4', 'uuid': '00:21:b9:02:6d:cd', 'profileNum': 7, 'address': 'setup', 'name': 'YoLinkSetup', 'nodeDefId': 'setup', 'nls': None, 'hint': '0x00000000', 'controller': 0, 'primaryNode': 'setup', 'private': None, 'isPrimary': 1, 'enabled': 1, 'timeAdded': 1760905440283, 'timeModified': 1760905440283, 'dbVersion': 1}
2025-10-23 11:10:18.692 Thread-8 (configDoneHandler) udi_interface.custom DEBUG    custom:clear: CUSTOM: Clear  ...saving
2025-10-23 11:10:18.692 Thread-8 (configDoneHandler) udi_interface.custom INFO     custom:_save: Sending data notices to Polyglot.
2025-10-23 11:10:18.692 Thread-8 (configDoneHandler) udi_interface      INFO     udiCommonLib:configDoneHandler: configDoneHandler called
2025-10-23 11:10:18.692 Thread-8 (configDoneHandler) udi_interface      DEBUG    udiCommonLib:configDoneHandler: Nodes in Nodeserver - before cleanup: 3 - [{'id': '142f0b92-2c09-478e-a59a-43f6fefcdd69', 'uuid': '00:21:b9:02:6d:cd', 'profileNum': 7, 'address': '8b4c0100092ca9', 'name': 'YoLink Plug', 'nodeDefId': 'yooutlet', 'nls': None, 'hint': '0x00000000', 'controller': 0, 'primaryNode': '8b4c0100092ca9', 'private': None, 'isPrimary': 1, 'enabled': 1, 'timeAdded': 1760905928162, 'timeModified': 1760905928162, 'dbVersion': 1, 'drivers': [{'id': '636ed98d-e025-44d6-b4f1-a82f608a024f', 'uuid': '00:21:b9:02:6d:cd', 'profileNum': 7, 'address': '8b4c0100092ca9', 'driver': 'GV0', 'value': '1', 'uom': 25, 'name': None, 'timeAdded': 1760905928236, 'timeModified': 1761242887496, 'dbVersion': 1, 'text': None}, {'id': 'd4ea85af-e0da-4176-a73d-b675a296f120', 'uuid': '00:21:b9:02:6d:cd', 'profileNum': 7, 'address': '8b4c0100092ca9', 'driver': 'GV1', 'value': '0', 'uom': 57, 'name': None, 'timeAdded': 1760905928242, 'timeModified': 1760982237835, 'dbVersion': 1, 'text': None}, {'id': '75d58c30-b062-4382-acb0-a0d0f5375ab4', 'uuid': '00:21:b9:02:6d:cd', 'profileNum': 7, 'address': '8b4c0100092ca9', 'driver': 'GV13', 'value': '0', 'uom': 25, 'name': None, 'timeAdded': 1760905928253, 'timeModified': 1761235663304, 'dbVersion': 1, 'text': None}, {'id': '11c6f1b7-ced5-4172-b37d-f9f1b4c1cb8c', 'uuid': '00:21:b9:02:6d:cd', 'profileNum': 7, 'address': '8b4c0100092ca9', 'driver': 'GV14', 'value': '99', 'uom': 25, 'name': None, 'timeAdded': 1760905928257, 'timeModified': 1761235663352, 'dbVersion': 1, 'text': None}, {'id': '6b503c28-3e94-45f9-9155-39f090bf941d', 'uuid': '00:21:b9:02:6d:cd', 'profileNum': 7, 'address': '8b4c0100092ca9', 'driver': 'GV15', 'value': '99', 'uom': 25, 'name': None, 'timeAdded': 1760905928260, 'timeModified': 1761235663403, 'dbVersion': 1, 'text': None}, {'id': 'f404c5d2-feda-4e0a-b908-9b287c3ba5d0', 'uuid': '00:21:b9:02:6d:cd', 'profileNum': 7, 'address': '8b4c0100092ca9', 'driver': 'GV16', 'value': '99', 'uom': 25, 'name': None, 'timeAdded': 1760905928264, 'timeModified': 1761235663454, 'dbVersion': 1, 'text': None}, {'id': 'bb36913f-67a3-45fd-bfdc-4a701e12b873', 'uuid': '00:21:b9:02:6d:cd', 'profileNum': 7, 'address': '8b4c0100092ca9', 'driver': 'GV17', 'value': '99', 'uom': 25, 'name': None, 'timeAdded': 1760905928273, 'timeModified': 1761235663504, 'dbVersion': 1, 'text': None}, {'id': '1ec65c8a-16ca-4758-bb8f-81990102c998', 'uuid': '00:21:b9:02:6d:cd', 'profileNum': 7, 'address': '8b4c0100092ca9', 'driver': 'GV18', 'value': '99', 'uom': 25, 'name': None, 'timeAdded': 1760905928276, 'timeModified': 1761235663554, 'dbVersion': 1, 'text': None}, {'id': '30074455-a3a5-4fe5-8bf6-d95940da082c', 'uuid': '00:21:b9:02:6d:cd', 'profileNum': 7, 'address': '8b4c0100092ca9', 'driver': 'GV19', 'value': '0', 'uom': 25, 'name': None, 'timeAdded': 1760905928284, 'timeModified': 1761235663603, 'dbVersion': 1, 'text': None}, {'id': '96ebaa24-5f76-4647-b699-a0621fe4c0d1', 'uuid': '00:21:b9:02:6d:cd', 'profileNum': 7, 'address': '8b4c0100092ca9', 'driver': 'GV2', 'value': '0', 'uom': 57, 'name': None, 'timeAdded': 1760905928247, 'timeModified': 1760982237883, 'dbVersion': 1, 'text': None}, {'id': '7b74176c-050a-42a2-8cac-7f2c0e85ed1f', 'uuid': '00:21:b9:02:6d:cd', 'profileNum': 7, 'address': '8b4c0100092ca9', 'driver': 'GV20', 'value': '3', 'uom': 25, 'name': None, 'timeAdded': 1760905928295, 'timeModified': 1761242887596, 'dbVersion': 1, 'text': None}, {'id': '9b54b489-0d7d-4d80-a991-db6e19e13de2', 'uuid': '00:21:b9:02:6d:cd', 'profileNum': 7, 'address': '8b4c0100092ca9', 'driver': 'GV21', 'value': '99', 'uom': 25, 'name': None, 'timeAdded': 1760905928268, 'timeModified': 1760982238133, 'dbVersion': 1, 'text': None}, {'id': '6db88ebc-9288-4aad-9a66-5844290e2b21', 'uuid': '00:21:b9:02:6d:cd', 'profileNum': 7, 'address': '8b4c0100092ca9', 'driver': 'GV22', 'value': '99', 'uom': 25, 'name': None, 'timeAdded': 1760905928280, 'timeModified': 1760982238285, 'dbVersion': 1, 'text': None}, {'id': 'd51b03ab-3a1d-4633-81f1-500d8dd58585', 'uuid': '00:21:b9:02:6d:cd', 'profileNum': 7, 'address': '8b4c0100092ca9', 'driver': 'GV30', 'value': '1', 'uom': 25, 'name': None, 'timeAdded': 1760905928291, 'timeModified': 1761242887445, 'dbVersion': 1, 'text': None}, {'id': '6e9dc359-ce74-4300-bc5e-eceb5349e06c', 'uuid': '00:21:b9:02:6d:cd', 'profileNum': 7, 'address': '8b4c0100092ca9', 'driver': 'ST', 'value': '1', 'uom': 25, 'name': None, 'timeAdded': 1760905928288, 'timeModified': 1761242887548, 'dbVersion': 1, 'text': None}, {'id': '735e65fe-6a36-4c1a-b20b-702c175c3b36', 'uuid': '00:21:b9:02:6d:cd', 'profileNum': 7, 'address': '8b4c0100092ca9', 'driver': 'TIME', 'value': '1761242887', 'uom': 151, 'name': None, 'timeAdded': 1760905928299, 'timeModified': 1761242887397, 'dbVersion': 1, 'text': None}]}, {'id': '0898515e-1981-4571-8ce5-a0125fa76bb8', 'uuid': '00:21:b9:02:6d:cd', 'profileNum': 7, 'address': '8b4c0200134989', 'name': 'YoLink Relay Plug', 'nodeDefId': 'yooutletPwr', 'nls': None, 'hint': '0x00000000', 'controller': 0, 'primaryNode': '8b4c0200134989', 'private': None, 'isPrimary': 1, 'enabled': 1, 'timeAdded': 1760905964328, 'timeModified': 1760905964328, 'dbVersion': 1, 'drivers': [{'id': 'ac368113-5114-48bb-8d53-d415aa056b54', 'uuid': '00:21:b9:02:6d:cd', 'profileNum': 7, 'address': '8b4c0200134989', 'driver': 'GV0', 'value': '99', 'uom': 25, 'name': None, 'timeAdded': 1760905964400, 'timeModified': 1760982273972, 'dbVersion': 1, 'text': None}, {'id': '57f4c672-b011-4155-b01b-a89e48e76c11', 'uuid': '00:21:b9:02:6d:cd', 'profileNum': 7, 'address': '8b4c0200134989', 'driver': 'GV1', 'value': '0', 'uom': 57, 'name': None, 'timeAdded': 1760905964404, 'timeModified': 1760982274021, 'dbVersion': 1, 'text': None}, {'id': '6c37521a-2965-40fa-b142-fd7faa35b8e8', 'uuid': '00:21:b9:02:6d:cd', 'profileNum': 7, 'address': '8b4c0200134989', 'driver': 'GV13', 'value': '99', 'uom': 25, 'name': None, 'timeAdded': 1760905964434, 'timeModified': 1761239803851, 'dbVersion': 1, 'text': None}, {'id': '5789ffbc-cddb-49e3-bffd-1c6ebe4bd59b', 'uuid': '00:21:b9:02:6d:cd', 'profileNum': 7, 'address': '8b4c0200134989', 'driver': 'GV14', 'value': '99', 'uom': 25, 'name': None, 'timeAdded': 1760905964438, 'timeModified': 1761239803901, 'dbVersion': 1, 'text': None}, {'id': 'dc54d458-7424-4934-9258-000db92a1419', 'uuid': '00:21:b9:02:6d:cd', 'profileNum': 7, 'address': '8b4c0200134989', 'driver': 'GV15', 'value': '99', 'uom': 25, 'name': None, 'timeAdded': 1760905964443, 'timeModified': 1761239803952, 'dbVersion': 1, 'text': None}, {'id': '112060b1-2378-4dc9-a0f3-3c97eabec746', 'uuid': '00:21:b9:02:6d:cd', 'profileNum': 7, 'address': '8b4c0200134989', 'driver': 'GV16', 'value': '99', 'uom': 25, 'name': None, 'timeAdded': 1760905964447, 'timeModified': 1761239804003, 'dbVersion': 1, 'text': None}, {'id': 'ec8c034c-7022-41df-aa7a-836407c413dc', 'uuid': '00:21:b9:02:6d:cd', 'profileNum': 7, 'address': '8b4c0200134989', 'driver': 'GV17', 'value': '99', 'uom': 25, 'name': None, 'timeAdded': 1760905964454, 'timeModified': 1761239804051, 'dbVersion': 1, 'text': None}, {'id': '7f645ab7-4ddf-4ce3-a3e6-143702e26620', 'uuid': '00:21:b9:02:6d:cd', 'profileNum': 7, 'address': '8b4c0200134989', 'driver': 'GV18', 'value': '99', 'uom': 25, 'name': None, 'timeAdded': 1760905964458, 'timeModified': 1761239804102, 'dbVersion': 1, 'text': None}, {'id': '58f75c61-4dcd-4b23-9226-32ee8d1d1e96', 'uuid': '00:21:b9:02:6d:cd', 'profileNum': 7, 'address': '8b4c0200134989', 'driver': 'GV19', 'value': '0', 'uom': 25, 'name': None, 'timeAdded': 1760905964465, 'timeModified': 1761239804152, 'dbVersion': 1, 'text': None}, {'id': '976f5bc6-c00d-49b4-b0f3-02a2ddfa4937', 'uuid': '00:21:b9:02:6d:cd', 'profileNum': 7, 'address': '8b4c0200134989', 'driver': 'GV2', 'value': '0', 'uom': 57, 'name': None, 'timeAdded': 1760905964409, 'timeModified': 1760982274071, 'dbVersion': 1, 'text': None}, {'id': '2ff1d89b-732c-40c1-80c0-8112d88b1e3d', 'uuid': '00:21:b9:02:6d:cd', 'profileNum': 7, 'address': '8b4c0200134989', 'driver': 'GV20', 'value': '2', 'uom': 25, 'name': None, 'timeAdded': 1760905964477, 'timeModified': 1761239803811, 'dbVersion': 1, 'text': None}, {'id': '7238d1d0-f0ef-4bea-89f1-17c42fe5a0e4', 'uuid': '00:21:b9:02:6d:cd', 'profileNum': 7, 'address': '8b4c0200134989', 'driver': 'GV21', 'value': '99', 'uom': 25, 'name': None, 'timeAdded': 1760905964451, 'timeModified': 1760982274619, 'dbVersion': 1, 'text': None}, {'id': 'e6b631dd-2721-42d7-b119-3a9cf721f2eb', 'uuid': '00:21:b9:02:6d:cd', 'profileNum': 7, 'address': '8b4c0200134989', 'driver': 'GV22', 'value': '99', 'uom': 25, 'name': None, 'timeAdded': 1760905964461, 'timeModified': 1760982274770, 'dbVersion': 1, 'text': None}, {'id': '170ebdea-cc16-4ebe-acf3-787ab8370a44', 'uuid': '00:21:b9:02:6d:cd', 'profileNum': 7, 'address': '8b4c0200134989', 'driver': 'GV3', 'value': '-1', 'uom': 30, 'name': None, 'timeAdded': 1760905964412, 'timeModified': 1760982274122, 'dbVersion': 1, 'text': None}, {'id': '6dadfc44-129d-4c91-b9a4-3d5dac2018db', 'uuid': '00:21:b9:02:6d:cd', 'profileNum': 7, 'address': '8b4c0200134989', 'driver': 'GV30', 'value': '0', 'uom': 25, 'name': None, 'timeAdded': 1760905964472, 'timeModified': 1761239707881, 'dbVersion': 1, 'text': None}, {'id': 'b4c8abde-99fb-453f-9bcb-c9531b4b9f1a', 'uuid': '00:21:b9:02:6d:cd', 'profileNum': 7, 'address': '8b4c0200134989', 'driver': 'GV4', 'value': '-1', 'uom': 33, 'name': None, 'timeAdded': 1760905964416, 'timeModified': 1760982274171, 'dbVersion': 1, 'text': None}, {'id': '888c8a33-ebf8-4fed-9b7d-cd24652d5978', 'uuid': '00:21:b9:02:6d:cd', 'profileNum': 7, 'address': '8b4c0200134989', 'driver': 'GV5', 'value': '99', 'uom': 25, 'name': None, 'timeAdded': 1760905964419, 'timeModified': 1760982274222, 'dbVersion': 1, 'text': None}, {'id': '24f1e222-160e-4ee1-a1e0-933b4e6d81e0', 'uuid': '00:21:b9:02:6d:cd', 'profileNum': 7, 'address': '8b4c0200134989', 'driver': 'GV6', 'value': '99', 'uom': 25, 'name': None, 'timeAdded': 1760905964423, 'timeModified': 1760982274273, 'dbVersion': 1, 'text': None}, {'id': '99b86cad-a1cb-4037-a3c1-b696490629a3', 'uuid': '00:21:b9:02:6d:cd', 'profileNum': 7, 'address': '8b4c0200134989', 'driver': 'GV7', 'value': '99', 'uom': 25, 'name': None, 'timeAdded': 1760905964427, 'timeModified': 1760982274333, 'dbVersion': 1, 'text': None}, {'id': '49a7a3c5-5abb-4e13-bea2-2613e40c29cb', 'uuid': '00:21:b9:02:6d:cd', 'profileNum': 7, 'address': '8b4c0200134989', 'driver': 'GV8', 'value': '99', 'uom': 25, 'name': None, 'timeAdded': 1760905964430, 'timeModified': 1760982274371, 'dbVersion': 1, 'text': None}, {'id': '6bdf510c-deb3-4e80-8a3c-3034e37a09a3', 'uuid': '00:21:b9:02:6d:cd', 'profileNum': 7, 'address': '8b4c0200134989', 'driver': 'ST', 'value': '0', 'uom': 25, 'name': None, 'timeAdded': 1760905964469, 'timeModified': 1760982274871, 'dbVersion': 1, 'text': None}, {'id': '420ee435-7c4c-4da7-a9c1-c3f2332caa40', 'uuid': '00:21:b9:02:6d:cd', 'profileNum': 7, 'address': '8b4c0200134989', 'driver': 'TIME', 'value': '0', 'uom': 151, 'name': None, 'timeAdded': 1760905964481, 'timeModified': 1761239707821, 'dbVersion': 1, 'text': None}]}, {'id': '13d2fee8-e1ef-44ed-a558-723eda8850d4', 'uuid': '00:21:b9:02:6d:cd', 'profileNum': 7, 'address': 'setup', 'name': 'YoLinkSetup', 'nodeDefId': 'setup', 'nls': None, 'hint': '0x00000000', 'controller': 0, 'primaryNode': 'setup', 'private': None, 'isPrimary': 1, 'enabled': 1, 'timeAdded': 1760905440283, 'timeModified': 1760905440283, 'dbVersion': 1, 'drivers': [{'id': 'e2057aeb-13a5-4392-b8e7-a10357b78763', 'uuid': '00:21:b9:02:6d:cd', 'profileNum': 7, 'address': 'setup', 'driver': 'GV1', 'value': '0', 'uom': 25, 'name': None, 'timeAdded': 1760905440496, 'timeModified': 1761240607722, 'dbVersion': 1, 'text': None}, {'id': '7dedbbff-c614-47d8-88ef-d2c16bd4d3d7', 'uuid': '00:21:b9:02:6d:cd', 'profileNum': 7, 'address': 'setup', 'driver': 'ST', 'value': '0', 'uom': 25, 'name': None, 'timeAdded': 1760905440492, 'timeModified': 1761241634677, 'dbVersion': 1, 'text': None}, {'id': 'aef6a77e-44a4-4971-9d2a-1a79e4ce1fab', 'uuid': '00:21:b9:02:6d:cd', 'profileNum': 7, 'address': 'setup', 'driver': 'TIME', 'value': '1761240607', 'uom': 151, 'name': None, 'timeAdded': 1760905440500, 'timeModified': 1761240607597, 'dbVersion': 1, 'text': None}]}]
2025-10-23 11:10:18.695 Thread-1 (send_thread) udi_interface.interface DEBUG    interface:_send: PUBLISHING {'set': [{'key': 'notices', 'value': {}}]}
2025-10-23 11:10:18.709 MQTT       udi_interface.interface DEBUG    interface:_message: QUEUING incoming message custom
2025-10-23 11:10:18.709 Command    udi_interface.interface DEBUG    interface:_parseInput: DEQUEING custom
2025-10-23 11:10:18.709 Command    udi_interface.interface DEBUG    interface:_handleInput: PROCESS custom message {'notices': '{}'} from Polyglot
2025-10-23 11:10:18.709 Command    udi_interface.interface DEBUG    interface:_handleInput: Process custom message notices from Polyglot
2025-10-23 11:10:18.709 Command    udi_interface.custom DEBUG    custom:load: CUSTOM: load {}
2025-10-23 11:10:18.760 MQTT       udi_interface.interface INFO     interface:_message: Successfully set key = notices
2025-10-23 11:10:18.784 MainThread udi_interface      DEBUG    udiYolinkLib:my_setDriver: my_setDriver : ST 0 None 
2025-10-23 11:10:18.784 MainThread udi_interface.node DEBUG    node:setDriver: setup:YoLinkSetup Reporting set ST to 0 to Polyglot
2025-10-23 11:10:18.784 MainThread udi_interface.node DEBUG    node:reportDriver: Updating value to 0
2025-10-23 11:10:18.784 MainThread udi_interface      DEBUG    udiYolinkLib:my_setDriver: my_setDriver : GV1 0 None 
2025-10-23 11:10:18.784 MainThread udi_interface.node DEBUG    node:setDriver: setup:YoLinkSetup Reporting set GV1 to 0 to Polyglot
2025-10-23 11:10:18.784 MainThread udi_interface.node DEBUG    node:reportDriver: Updating value to 0
2025-10-23 11:10:18.784 MainThread udi_interface      DEBUG    udiYoLinkLocal:__init__: YoLinkSetup init DONE
2025-10-23 11:10:18.790 Thread-1 (send_thread) udi_interface.interface DEBUG    interface:_send: PUBLISHING {'set': [{'address': 'setup', 'driver': 'ST', 'value': '0', 'uom': 25, 'text': None}]}
2025-10-23 11:10:18.790 Thread-1 (send_thread) udi_interface.interface DEBUG    interface:_send: PUBLISHING {'set': [{'address': 'setup', 'driver': 'GV1', 'value': '0', 'uom': 25, 'text': None}]}
2025-10-23 11:10:18.830 MQTT       udi_interface.interface INFO     interface:_message: Successfully set setup :: ST to 0 UOM 25
2025-10-23 11:10:18.870 MQTT       udi_interface.interface INFO     interface:_message: Successfully set setup :: GV1 to 0 UOM 25
2025-10-23 11:10:19.690 Thread-6 (start) udi_interface      DEBUG    udiYoLinkLocal:start: waiting for inital node to get created
2025-10-23 11:10:19.691 Thread-6 (start) udi_interface      INFO     udiYolinkLib:updateEpochTime: updateEpochTime 
2025-10-23 11:10:19.691 Thread-6 (start) udi_interface      DEBUG    udiYolinkLib:my_setDriver: my_setDriver : TIME 1761243019 None 
2025-10-23 11:10:19.691 Thread-6 (start) udi_interface.node DEBUG    node:setDriver: setup:YoLinkSetup Reporting set TIME to 1761243019 to Polyglot
2025-10-23 11:10:19.691 Thread-6 (start) udi_interface.node DEBUG    node:reportDriver: Updating value to 1761243019
2025-10-23 11:10:19.691 Thread-6 (start) udi_interface      DEBUG    udiYoLinkLocal:start: credentials ['local', 'cloud'] ua_05E8E07C48EC4639BB2CE61CAFCC551A sec_v1_uufF2C3GIb+kcV5ipS+9tg== bfae5ecc-4312-41d3-b109-7cba0a59a203 sec_v1_bQO0teM1TFND4prgJaRZwg==
2025-10-23 11:10:19.691 Thread-6 (start) udi_interface      DEBUG    udiYoLinkLocal:start: initialiing Cloud mode ua_05E8E07C48EC4639BB2CE61CAFCC551A sec_v1_uufF2C3GIb+kcV5ipS+9tg==
2025-10-23 11:10:19.691 Thread-6 (start) udi_interface      INFO     yoLink_init_V4:__init__: Connecting to YoLink MQTT server
2025-10-23 11:10:19.701 Thread-1 (send_thread) udi_interface.interface DEBUG    interface:_send: PUBLISHING {'set': [{'address': 'setup', 'driver': 'TIME', 'value': '1761243019', 'uom': 151, 'text': None}]}
2025-10-23 11:10:19.734 MQTT       udi_interface.interface INFO     interface:_message: Successfully set setup :: TIME to 1761243019 UOM 151
2025-10-23 11:10:20.692 Thread-6 (start) udi_interface      DEBUG    yoLink_init_V4:__init__: Start info: None api.yosmart.com 8003 60 None
2025-10-23 11:10:20.692 Thread-6 (start) udi_interface      INFO     yoLink_init_V4:refresh_token: ['cloud'] Refreshing Token None
2025-10-23 11:10:20.804 Thread-6 (start) udi_interface      DEBUG    yoLink_init_V4:refresh_token: Refresh response : <Response [200]> True {"access_token":"eyJhbGciOiJIUzI1NiIsInR5cCI6IkpXVCJ9.eyJpYXQiOjE3NjEyNDMwMjAsImV4cCI6MTc2MTI1MDIyMCwiaXNzIjoidWFfMDVFOEUwN0M0OEVDNDYzOUJCMkNFNjFDQUZDQzU1MUEiLCJhdWQiOiI2YjM0M2UxMzdkYjQ0OWYxOWQ5NWU2OWUxN2I0MmUzMiIsInN1YiI6IjQ0NWIzMTFhYjljNTQ0ZDE4ZjViNDdjZWE2YmMzMDAwIiwic2NvcGUiOlsiYXMvYXUiXX0.FMcu0VwQsMKe06_pJxirbggPfBPNU4yrARuzZwWTJPw","token_type":"bearer","expires_in":7200,"refresh_token":"eyJhbGciOiJIUzI1NiIsInR5cCI6IkpXVCJ9.eyJpYXQiOjE3NjEyNDMwMjAsImV4cCI6MTc2MzgzNTAyMCwiaXNzIjoidWFfMDVFOEUwN0M0OEVDNDYzOUJCMkNFNjFDQUZDQzU1MUEiLCJhdWQiOiI2YjM0M2UxMzdkYjQ0OWYxOWQ5NWU2OWUxN2I0MmUzMiIsInN1YiI6IjQ0NWIzMTFhYjljNTQ0ZDE4ZjViNDdjZWE2YmMzMDAwIiwic2NvcGUiOlsiYXMvYXUiXX0.HHlrC8D_wBihbnRtqvMeZn5qo0hfKCDuzRrodw6O2Ew","scope":["create"]}
2025-10-23 11:10:20.805 Thread-6 (start) udi_interface      INFO     yoLink_init_V4:__init__: Retrieving YoLink API info
2025-10-23 11:10:21.807 Thread-6 (start) udi_interface      DEBUG    yoLink_init_V4:__init__: cloud mode yl-home/ {'access_token': 'eyJhbGciOiJIUzI1NiIsInR5cCI6IkpXVCJ9.eyJpYXQiOjE3NjEyNDMwMjAsImV4cCI6MTc2MTI1MDIyMCwiaXNzIjoidWFfMDVFOEUwN0M0OEVDNDYzOUJCMkNFNjFDQUZDQzU1MUEiLCJhdWQiOiI2YjM0M2UxMzdkYjQ0OWYxOWQ5NWU2OWUxN2I0MmUzMiIsInN1YiI6IjQ0NWIzMTFhYjljNTQ0ZDE4ZjViNDdjZWE2YmMzMDAwIiwic2NvcGUiOlsiYXMvYXUiXX0.FMcu0VwQsMKe06_pJxirbggPfBPNU4yrARuzZwWTJPw', 'token_type': 'bearer', 'expires_in': 7200, 'refresh_token': 'eyJhbGciOiJIUzI1NiIsInR5cCI6IkpXVCJ9.eyJpYXQiOjE3NjEyNDMwMjAsImV4cCI6MTc2MzgzNTAyMCwiaXNzIjoidWFfMDVFOEUwN0M0OEVDNDYzOUJCMkNFNjFDQUZDQzU1MUEiLCJhdWQiOiI2YjM0M2UxMzdkYjQ0OWYxOWQ5NWU2OWUxN2I0MmUzMiIsInN1YiI6IjQ0NWIzMTFhYjljNTQ0ZDE4ZjViNDdjZWE2YmMzMDAwIiwic2NvcGUiOlsiYXMvYXUiXX0.HHlrC8D_wBihbnRtqvMeZn5qo0hfKCDuzRrodw6O2Ew', 'scope': ['create'], 'expirationTime': 1761250220}
2025-10-23 11:10:21.879 Thread-6 (start) udi_interface      DEBUG    yoLink_init_V4:retrieve_homeID: Obtaining  homeID : True
2025-10-23 11:10:21.880 Thread-6 (start) udi_interface      DEBUG    yoLink_init_V4:retrieve_device_list:  ['cloud'] retrieve_device_list
2025-10-23 11:10:21.954 Thread-6 (start) udi_interface      DEBUG    yoLink_init_V4:retrieve_device_list: info : {
    "code": "000000",
    "time": 1761243021947,
    "msgid": 1761243021947,
    "method": "Home.getDeviceList",
    "desc": "Success",
    "data": {
        "devices": [
            {
                "deviceId": "d88b4c01000ca8d6",
                "deviceUDID": "7146e31cb67540aaae33d5ca81296ef3",
                "name": "LeakStop 1 Channel",
                "token": "2D47DA1E20702BA47BEC893773728DB6",
                "type": "WaterMeterController",
                "parentDeviceId": null,
                "modelName": "YS5009-UC",
                "serviceZone": "us_west_1"
            },
            {
                "deviceId": "d88b4c01000d41c9",
                "deviceUDID": "04e557b76c8d405abbdbcc61f008ed27",
                "name": "LeakStop 2 Channel",
                "token": "71615C474A063B9099719998014F797D",
                "type": "WaterMeterMultiController",
                "parentDeviceId": null,
                "modelName": "YS5029-UC",
                "serviceZone": "us_west_1"
            },
            {
                "deviceId": "d88b4c01000bdcfc",
                "deviceUDID": "88d721ccd86e4ed487ca348911a0638c",
                "name": "Mini On/Off Fob",
                "token": "209B4B0E2761FB15EA7CA91BD659F0D4",
                "type": "SmartRemoter",
                "parentDeviceId": null,
                "modelName": "YS3615-UC",
                "serviceZone": "us_west_1"
            },
            {
                "deviceId": "d88b4c010004b251",
                "deviceUDID": "49ddf0bc10664337a834310b63850ed3",
                "name": "Motion Sensor",
                "token": "BBBFA35BC4870C56325A7A30C72D22CC",
                "type": "MotionSensor",
                "parentDeviceId": null,
                "modelName": "YS7805-UC",
                "serviceZone": "us_west_1"
            },
            {
                "deviceId": "d88b4c01000274cb",
                "deviceUDID": "44084decf35d4947a7855cf6f290afff",
                "name": "Smart IR Remote",
                "token": "FEE59423D2B125451C0B1DC2C501ADD1",
                "type": "InfraredRemoter",
                "parentDeviceId": null,
                "modelName": "YS4803-UC",
                "serviceZone": "us_west_1"
            },
            {
                "deviceId": "d88b4c1606000023",
                "deviceUDID": "d66cf245fafd45189e77e42f7708f792",
                "name": "SY Local Hub",
                "token": "4C45F93B6CC165B76E27E0C0F8A696EC",
                "type": "Hub",
                "parentDeviceId": null,
                "modelName": "YS1606-UC",
                "serviceZone": null
            },
            {
                "deviceId": "d88b4c010003b095",
                "deviceUDID": "85b31b4936524e988261212ac6ab5bff",
                "name": "Test Name Vibration Sensor",
                "token": "35A7EA86D6E78EE3C36E2A7F1FB3D37B",
                "type": "VibrationSensor",
                "parentDeviceId": null,
                "modelName": "YS7201-UC",
                "serviceZone": "us_west_1"
            },
            {
                "deviceId": "d88b4c0100092ca9",
                "deviceUDID": "59d160caa35e4a86a9c75f5a5349dd55",
                "name": "YoLink Plug",
                "token": "4E5152CE50E684F71B9296240A9DFC65",
                "type": "Outlet",
                "parentDeviceId": null,
                "modelName": "YS6604-UC",
                "serviceZone": "us_west_1"
            },
            {
                "deviceId": "d88b4c0200134989",
                "deviceUDID": "e055f6a25c674a14ba27c3def8739eaf",
                "name": "YoLink Relay Plug",
                "token": "F612A3CF152437AAF54950A34D94F386",
                "type": "Outlet",
                "parentDeviceId": null,
                "modelName": "YS5716-UC",
                "serviceZone": "us_west_1"
            }
        ]
    }
}
2025-10-23 11:10:21.954 Thread-6 (start) udi_interface      DEBUG    yoLink_init_V4:retrieve_device_list: ['cloud'] yoAccess.deviceList: [{'deviceId': 'd88b4c01000ca8d6', 'deviceUDID': '7146e31cb67540aaae33d5ca81296ef3', 'name': 'LeakStop 1 Channel', 'token': '2D47DA1E20702BA47BEC893773728DB6', 'type': 'WaterMeterController', 'parentDeviceId': None, 'modelName': 'YS5009-UC', 'serviceZone': 'us_west_1'}, {'deviceId': 'd88b4c01000d41c9', 'deviceUDID': '04e557b76c8d405abbdbcc61f008ed27', 'name': 'LeakStop 2 Channel', 'token': '71615C474A063B9099719998014F797D', 'type': 'WaterMeterMultiController', 'parentDeviceId': None, 'modelName': 'YS5029-UC', 'serviceZone': 'us_west_1'}, {'deviceId': 'd88b4c01000bdcfc', 'deviceUDID': '88d721ccd86e4ed487ca348911a0638c', 'name': 'Mini On/Off Fob', 'token': '209B4B0E2761FB15EA7CA91BD659F0D4', 'type': 'SmartRemoter', 'parentDeviceId': None, 'modelName': 'YS3615-UC', 'serviceZone': 'us_west_1'}, {'deviceId': 'd88b4c010004b251', 'deviceUDID': '49ddf0bc10664337a834310b63850ed3', 'name': 'Motion Sensor', 'token': 'BBBFA35BC4870C56325A7A30C72D22CC', 'type': 'MotionSensor', 'parentDeviceId': None, 'modelName': 'YS7805-UC', 'serviceZone': 'us_west_1'}, {'deviceId': 'd88b4c01000274cb', 'deviceUDID': '44084decf35d4947a7855cf6f290afff', 'name': 'Smart IR Remote', 'token': 'FEE59423D2B125451C0B1DC2C501ADD1', 'type': 'InfraredRemoter', 'parentDeviceId': None, 'modelName': 'YS4803-UC', 'serviceZone': 'us_west_1'}, {'deviceId': 'd88b4c1606000023', 'deviceUDID': 'd66cf245fafd45189e77e42f7708f792', 'name': 'SY Local Hub', 'token': '4C45F93B6CC165B76E27E0C0F8A696EC', 'type': 'Hub', 'parentDeviceId': None, 'modelName': 'YS1606-UC', 'serviceZone': None}, {'deviceId': 'd88b4c010003b095', 'deviceUDID': '85b31b4936524e988261212ac6ab5bff', 'name': 'Test Name Vibration Sensor', 'token': '35A7EA86D6E78EE3C36E2A7F1FB3D37B', 'type': 'VibrationSensor', 'parentDeviceId': None, 'modelName': 'YS7201-UC', 'serviceZone': 'us_west_1'}, {'deviceId': 'd88b4c0100092ca9', 'deviceUDID': '59d160caa35e4a86a9c75f5a5349dd55', 'name': 'YoLink Plug', 'token': '4E5152CE50E684F71B9296240A9DFC65', 'type': 'Outlet', 'parentDeviceId': None, 'modelName': 'YS6604-UC', 'serviceZone': 'us_west_1'}, {'deviceId': 'd88b4c0200134989', 'deviceUDID': 'e055f6a25c674a14ba27c3def8739eaf', 'name': 'YoLink Relay Plug', 'token': 'F612A3CF152437AAF54950A34D94F386', 'type': 'Outlet', 'parentDeviceId': None, 'modelName': 'YS5716-UC', 'serviceZone': 'us_west_1'}]
2025-10-23 11:10:21.955 Thread-6 (start) udi_interface      DEBUG    yoLink_init_V4:__init__: initialize MQTT 79ffc2dd829b4f96af17c1a66c157a78
2025-10-23 11:10:21.955 Thread-6 (start) udi_interface      DEBUG    yoLink_init_V4:__init__: MQTT info: 79ffc2dd829b4f96af17c1a66c157a78 api.yosmart.com 8003 60 {'access_token': 'eyJhbGciOiJIUzI1NiIsInR5cCI6IkpXVCJ9.eyJpYXQiOjE3NjEyNDMwMjAsImV4cCI6MTc2MTI1MDIyMCwiaXNzIjoidWFfMDVFOEUwN0M0OEVDNDYzOUJCMkNFNjFDQUZDQzU1MUEiLCJhdWQiOiI2YjM0M2UxMzdkYjQ0OWYxOWQ5NWU2OWUxN2I0MmUzMiIsInN1YiI6IjQ0NWIzMTFhYjljNTQ0ZDE4ZjViNDdjZWE2YmMzMDAwIiwic2NvcGUiOlsiYXMvYXUiXX0.FMcu0VwQsMKe06_pJxirbggPfBPNU4yrARuzZwWTJPw', 'token_type': 'bearer', 'expires_in': 7200, 'refresh_token': 'eyJhbGciOiJIUzI1NiIsInR5cCI6IkpXVCJ9.eyJpYXQiOjE3NjEyNDMwMjAsImV4cCI6MTc2MzgzNTAyMCwiaXNzIjoidWFfMDVFOEUwN0M0OEVDNDYzOUJCMkNFNjFDQUZDQzU1MUEiLCJhdWQiOiI2YjM0M2UxMzdkYjQ0OWYxOWQ5NWU2OWUxN2I0MmUzMiIsInN1YiI6IjQ0NWIzMTFhYjljNTQ0ZDE4ZjViNDdjZWE2YmMzMDAwIiwic2NvcGUiOlsiYXMvYXUiXX0.HHlrC8D_wBihbnRtqvMeZn5qo0hfKCDuzRrodw6O2Ew', 'scope': ['create'], 'expirationTime': 1761250220}
2025-10-23 11:10:21.955 Thread-6 (start) udi_interface      INFO     yoLink_init_V4:connect_to_broker: ['cloud'] Connecting to broker...
2025-10-23 11:10:21.955 Thread-6 (start) udi_interface      INFO     yoLink_init_V4:refresh_token: ['cloud'] Refreshing Token {'access_token': 'eyJhbGciOiJIUzI1NiIsInR5cCI6IkpXVCJ9.eyJpYXQiOjE3NjEyNDMwMjAsImV4cCI6MTc2MTI1MDIyMCwiaXNzIjoidWFfMDVFOEUwN0M0OEVDNDYzOUJCMkNFNjFDQUZDQzU1MUEiLCJhdWQiOiI2YjM0M2UxMzdkYjQ0OWYxOWQ5NWU2OWUxN2I0MmUzMiIsInN1YiI6IjQ0NWIzMTFhYjljNTQ0ZDE4ZjViNDdjZWE2YmMzMDAwIiwic2NvcGUiOlsiYXMvYXUiXX0.FMcu0VwQsMKe06_pJxirbggPfBPNU4yrARuzZwWTJPw', 'token_type': 'bearer', 'expires_in': 7200, 'refresh_token': 'eyJhbGciOiJIUzI1NiIsInR5cCI6IkpXVCJ9.eyJpYXQiOjE3NjEyNDMwMjAsImV4cCI6MTc2MzgzNTAyMCwiaXNzIjoidWFfMDVFOEUwN0M0OEVDNDYzOUJCMkNFNjFDQUZDQzU1MUEiLCJhdWQiOiI2YjM0M2UxMzdkYjQ0OWYxOWQ5NWU2OWUxN2I0MmUzMiIsInN1YiI6IjQ0NWIzMTFhYjljNTQ0ZDE4ZjViNDdjZWE2YmMzMDAwIiwic2NvcGUiOlsiYXMvYXUiXX0.HHlrC8D_wBihbnRtqvMeZn5qo0hfKCDuzRrodw6O2Ew', 'scope': ['create'], 'expirationTime': 1761250220}
2025-10-23 11:10:22.021 Thread-6 (start) udi_interface      DEBUG    yoLink_init_V4:refresh_token: Refresh response : <Response [200]> True {"access_token":"eyJhbGciOiJIUzI1NiIsInR5cCI6IkpXVCJ9.eyJpYXQiOjE3NjEyNDMwMjIsImV4cCI6MTc2MTI1MDIyMiwiaXNzIjoidWFfMDVFOEUwN0M0OEVDNDYzOUJCMkNFNjFDQUZDQzU1MUEiLCJhdWQiOiI2YjM0M2UxMzdkYjQ0OWYxOWQ5NWU2OWUxN2I0MmUzMiIsInN1YiI6IjQ0NWIzMTFhYjljNTQ0ZDE4ZjViNDdjZWE2YmMzMDAwIiwic2NvcGUiOlsiYXMvYXUiXX0.9SA-FNLYticrIypIwRkf_xnouOurGMjtOuXpNKyfv4s","token_type":"bearer","expires_in":7200,"refresh_token":"eyJhbGciOiJIUzI1NiIsInR5cCI6IkpXVCJ9.eyJpYXQiOjE3NjEyNDMwMjIsImV4cCI6MTc2MzgzNTAyMiwiaXNzIjoidWFfMDVFOEUwN0M0OEVDNDYzOUJCMkNFNjFDQUZDQzU1MUEiLCJhdWQiOiI2YjM0M2UxMzdkYjQ0OWYxOWQ5NWU2OWUxN2I0MmUzMiIsInN1YiI6IjQ0NWIzMTFhYjljNTQ0ZDE4ZjViNDdjZWE2YmMzMDAwIiwic2NvcGUiOlsiYXMvYXUiXX0.fm58mpaj3hYO4vFlGbOkC5svLHZmShBZwfFhVNMw9lM","scope":["create"]}
2025-10-23 11:10:22.022 Thread-6 (start) udi_interface      INFO     yoLink_init_V4:connect_to_broker: Retrieving YoLink API info
2025-10-23 11:10:23.023 Thread-6 (start) udi_interface      DEBUG    yoLink_init_V4:connect_to_broker: Connect info: ['cloud'] api.yosmart.com 8003 60 {'access_token': 'eyJhbGciOiJIUzI1NiIsInR5cCI6IkpXVCJ9.eyJpYXQiOjE3NjEyNDMwMjIsImV4cCI6MTc2MTI1MDIyMiwiaXNzIjoidWFfMDVFOEUwN0M0OEVDNDYzOUJCMkNFNjFDQUZDQzU1MUEiLCJhdWQiOiI2YjM0M2UxMzdkYjQ0OWYxOWQ5NWU2OWUxN2I0MmUzMiIsInN1YiI6IjQ0NWIzMTFhYjljNTQ0ZDE4ZjViNDdjZWE2YmMzMDAwIiwic2NvcGUiOlsiYXMvYXUiXX0.9SA-FNLYticrIypIwRkf_xnouOurGMjtOuXpNKyfv4s', 'token_type': 'bearer', 'expires_in': 7200, 'refresh_token': 'eyJhbGciOiJIUzI1NiIsInR5cCI6IkpXVCJ9.eyJpYXQiOjE3NjEyNDMwMjIsImV4cCI6MTc2MzgzNTAyMiwiaXNzIjoidWFfMDVFOEUwN0M0OEVDNDYzOUJCMkNFNjFDQUZDQzU1MUEiLCJhdWQiOiI2YjM0M2UxMzdkYjQ0OWYxOWQ5NWU2OWUxN2I0MmUzMiIsInN1YiI6IjQ0NWIzMTFhYjljNTQ0ZDE4ZjViNDdjZWE2YmMzMDAwIiwic2NvcGUiOlsiYXMvYXUiXX0.fm58mpaj3hYO4vFlGbOkC5svLHZmShBZwfFhVNMw9lM', 'scope': ['create'], 'expirationTime': 1761250221}
2025-10-23 11:10:23.024 Thread-6 (start) udi_interface      DEBUG    yoLink_init_V4:connect_to_broker: cloud : eyJhbGciOiJIUzI1NiIsInR5cCI6IkpXVCJ9.eyJpYXQiOjE3NjEyNDMwMjIsImV4cCI6MTc2MTI1MDIyMiwiaXNzIjoidWFfMDVFOEUwN0M0OEVDNDYzOUJCMkNFNjFDQUZDQzU1MUEiLCJhdWQiOiI2YjM0M2UxMzdkYjQ0OWYxOWQ5NWU2OWUxN2I0MmUzMiIsInN1YiI6IjQ0NWIzMTFhYjljNTQ0ZDE4ZjViNDdjZWE2YmMzMDAwIiwic2NvcGUiOlsiYXMvYXUiXX0.9SA-FNLYticrIypIwRkf_xnouOurGMjtOuXpNKyfv4s
2025-10-23 11:10:23.024 Thread-6 (start) udi_interface      DEBUG    yoLink_init_V4:connect_to_broker: Connect 2 info: api.yosmart.com 8003 60 {'access_token': 'eyJhbGciOiJIUzI1NiIsInR5cCI6IkpXVCJ9.eyJpYXQiOjE3NjEyNDMwMjIsImV4cCI6MTc2MTI1MDIyMiwiaXNzIjoidWFfMDVFOEUwN0M0OEVDNDYzOUJCMkNFNjFDQUZDQzU1MUEiLCJhdWQiOiI2YjM0M2UxMzdkYjQ0OWYxOWQ5NWU2OWUxN2I0MmUzMiIsInN1YiI6IjQ0NWIzMTFhYjljNTQ0ZDE4ZjViNDdjZWE2YmMzMDAwIiwic2NvcGUiOlsiYXMvYXUiXX0.9SA-FNLYticrIypIwRkf_xnouOurGMjtOuXpNKyfv4s', 'token_type': 'bearer', 'expires_in': 7200, 'refresh_token': 'eyJhbGciOiJIUzI1NiIsInR5cCI6IkpXVCJ9.eyJpYXQiOjE3NjEyNDMwMjIsImV4cCI6MTc2MzgzNTAyMiwiaXNzIjoidWFfMDVFOEUwN0M0OEVDNDYzOUJCMkNFNjFDQUZDQzU1MUEiLCJhdWQiOiI2YjM0M2UxMzdkYjQ0OWYxOWQ5NWU2OWUxN2I0MmUzMiIsInN1YiI6IjQ0NWIzMTFhYjljNTQ0ZDE4ZjViNDdjZWE2YmMzMDAwIiwic2NvcGUiOlsiYXMvYXUiXX0.fm58mpaj3hYO4vFlGbOkC5svLHZmShBZwfFhVNMw9lM', 'scope': ['create'], 'expirationTime': 1761250221}
2025-10-23 11:10:23.049 Thread-6 (start) udi_interface      DEBUG    yoLink_init_V4:connect_to_broker: yoAccess.client.connect: 0
2025-10-23 11:10:23.065 paho-mqtt-client-79ffc2dd829b4f96af17c1a66c157a78 udi_interface      DEBUG    yoLink_init_V4:on_connect: on_connect - Connected with result code 0
2025-10-23 11:10:23.065 paho-mqtt-client-79ffc2dd829b4f96af17c1a66c157a78 udi_interface      INFO     yoLink_init_V4:on_connect: Successfully connected to broker api.yosmart.com 
2025-10-23 11:10:23.065 paho-mqtt-client-79ffc2dd829b4f96af17c1a66c157a78 udi_interface      DEBUG    yoLink_init_V4:on_connect: Re-subscribing devices after after disconnect
2025-10-23 11:10:23.660 MQTT       udi_interface.interface INFO     interface:_message: Profile installation finished
2025-10-23 11:10:25.155 Thread-6 (start) udi_interface      DEBUG    yoLink_init_V4:connect_to_broker: {}
2025-10-23 11:10:25.155 Thread-6 (start) udi_interface      DEBUG    yoLink_init_V4:start_retry_queue: Starting Retry Queue checking
2025-10-23 11:10:25.156 Thread-9 (check_retry_queue) udi_interface      DEBUG    yoLink_init_V4:check_retry_queue: ['cloud'] - Testing for command retry - queue size 0  
2025-10-23 11:10:25.156 Thread-6 (start) udi_interface      DEBUG    udiYoLinkLocal:start: initializing Local mode bfae5ecc-4312-41d3-b109-7cba0a59a203 sec_v1_bQO0teM1TFND4prgJaRZwg== http://192.168.1.244:1080/open/yolink/token http://192.168.1.244:1080/open/yolink/v2/api 192.168.1.244 18080 C00023 
2025-10-23 11:10:25.156 Thread-6 (start) udi_interface      INFO     yoLink_init_V4:__init__: Connecting to YoLink MQTT server
2025-10-23 11:10:26.157 Thread-6 (start) udi_interface      DEBUG    yoLink_init_V4:__init__: Start info: C00023 192.168.1.244 18080 60 None
2025-10-23 11:10:26.157 Thread-6 (start) udi_interface      DEBUG    yoLink_init_V4:__init__: initialize MQTT C00023
2025-10-23 11:10:26.157 Thread-6 (start) udi_interface      DEBUG    yoLink_init_V4:__init__: MQTT info: C00023 192.168.1.244 18080 60 None
2025-10-23 11:10:26.157 Thread-6 (start) udi_interface      INFO     yoLink_init_V4:connect_to_broker: ['local'] Connecting to broker...
2025-10-23 11:10:26.157 Thread-6 (start) udi_interface      INFO     yoLink_init_V4:refresh_token: ['local'] Refreshing Token None
2025-10-23 11:10:26.205 Thread-6 (start) udi_interface      DEBUG    yoLink_init_V4:refresh_token: Refresh response : <Response [200]> True {"access_token":"eyJhbGciOiJIUzI1NiIsInR5cCI6IkpXVCJ9.eyJpYXQiOjE3NjEyNDMwMjYsImV4cCI6MTc2MTI1MDIyNiwiaXNzIjoiYmZhZTVlY2MtNDMxMi00MWQzLWIxMDktN2NiYTBhNTlhMjAzIiwiYXVkIjoiNzlmZmMyZGQ4MjliNGY5NmFmMTdjMWE2NmMxNTdhNzgiLCJzdWIiOiI3OWZmYzJkZDgyOWI0Zjk2YWYxN2MxYTY2YzE1N2E3OCIsInNjb3BlIjpbImFzL2F1Il19.63-FtfVPdPC53yYvcciaclyDCO8Ca3-QPHW3_nccGlQ","token_type":"bearer","expires_in":7200,"refresh_token":"eyJhbGciOiJIUzI1NiIsInR5cCI6IkpXVCJ9.eyJpYXQiOjE3NjEyNDMwMjYsImV4cCI6MTc2MzgzNTAyNiwiaXNzIjoiYmZhZTVlY2MtNDMxMi00MWQzLWIxMDktN2NiYTBhNTlhMjAzIiwiYXVkIjoiNzlmZmMyZGQ4MjliNGY5NmFmMTdjMWE2NmMxNTdhNzgiLCJzdWIiOiI3OWZmYzJkZDgyOWI0Zjk2YWYxN2MxYTY2YzE1N2E3OCIsInNjb3BlIjpbImFzL2F1Il19.GHZIom3w39_7Cy2Ike2lcbbt4-OUrb_8F6UEgfyP0W0","scope":["create"]}
2025-10-23 11:10:26.206 Thread-6 (start) udi_interface      INFO     yoLink_init_V4:connect_to_broker: Retrieving YoLink API info
2025-10-23 11:10:27.231 Thread-6 (start) udi_interface      DEBUG    yoLink_init_V4:connect_to_broker: Connect info: ['local'] 192.168.1.244 18080 60 {'access_token': 'eyJhbGciOiJIUzI1NiIsInR5cCI6IkpXVCJ9.eyJpYXQiOjE3NjEyNDMwMjYsImV4cCI6MTc2MTI1MDIyNiwiaXNzIjoiYmZhZTVlY2MtNDMxMi00MWQzLWIxMDktN2NiYTBhNTlhMjAzIiwiYXVkIjoiNzlmZmMyZGQ4MjliNGY5NmFmMTdjMWE2NmMxNTdhNzgiLCJzdWIiOiI3OWZmYzJkZDgyOWI0Zjk2YWYxN2MxYTY2YzE1N2E3OCIsInNjb3BlIjpbImFzL2F1Il19.63-FtfVPdPC53yYvcciaclyDCO8Ca3-QPHW3_nccGlQ', 'token_type': 'bearer', 'expires_in': 7200, 'refresh_token': 'eyJhbGciOiJIUzI1NiIsInR5cCI6IkpXVCJ9.eyJpYXQiOjE3NjEyNDMwMjYsImV4cCI6MTc2MzgzNTAyNiwiaXNzIjoiYmZhZTVlY2MtNDMxMi00MWQzLWIxMDktN2NiYTBhNTlhMjAzIiwiYXVkIjoiNzlmZmMyZGQ4MjliNGY5NmFmMTdjMWE2NmMxNTdhNzgiLCJzdWIiOiI3OWZmYzJkZDgyOWI0Zjk2YWYxN2MxYTY2YzE1N2E3OCIsInNjb3BlIjpbImFzL2F1Il19.GHZIom3w39_7Cy2Ike2lcbbt4-OUrb_8F6UEgfyP0W0', 'scope': ['create'], 'expirationTime': 1761250226}
2025-10-23 11:10:27.231 Thread-6 (start) udi_interface      DEBUG    yoLink_init_V4:connect_to_broker: local ; bfae5ecc-4312-41d3-b109-7cba0a59a203 sec_v1_bQO0teM1TFND4prgJaRZwg==
2025-10-23 11:10:27.231 Thread-6 (start) udi_interface      DEBUG    yoLink_init_V4:connect_to_broker: Connect 2 info: 192.168.1.244 18080 60 {'access_token': 'eyJhbGciOiJIUzI1NiIsInR5cCI6IkpXVCJ9.eyJpYXQiOjE3NjEyNDMwMjYsImV4cCI6MTc2MTI1MDIyNiwiaXNzIjoiYmZhZTVlY2MtNDMxMi00MWQzLWIxMDktN2NiYTBhNTlhMjAzIiwiYXVkIjoiNzlmZmMyZGQ4MjliNGY5NmFmMTdjMWE2NmMxNTdhNzgiLCJzdWIiOiI3OWZmYzJkZDgyOWI0Zjk2YWYxN2MxYTY2YzE1N2E3OCIsInNjb3BlIjpbImFzL2F1Il19.63-FtfVPdPC53yYvcciaclyDCO8Ca3-QPHW3_nccGlQ', 'token_type': 'bearer', 'expires_in': 7200, 'refresh_token': 'eyJhbGciOiJIUzI1NiIsInR5cCI6IkpXVCJ9.eyJpYXQiOjE3NjEyNDMwMjYsImV4cCI6MTc2MzgzNTAyNiwiaXNzIjoiYmZhZTVlY2MtNDMxMi00MWQzLWIxMDktN2NiYTBhNTlhMjAzIiwiYXVkIjoiNzlmZmMyZGQ4MjliNGY5NmFmMTdjMWE2NmMxNTdhNzgiLCJzdWIiOiI3OWZmYzJkZDgyOWI0Zjk2YWYxN2MxYTY2YzE1N2E3OCIsInNjb3BlIjpbImFzL2F1Il19.GHZIom3w39_7Cy2Ike2lcbbt4-OUrb_8F6UEgfyP0W0', 'scope': ['create'], 'expirationTime': 1761250226}
2025-10-23 11:10:27.232 Thread-6 (start) udi_interface      DEBUG    yoLink_init_V4:connect_to_broker: yoAccess.client.connect: 0
2025-10-23 11:10:27.242 paho-mqtt-client-C00023 udi_interface      DEBUG    yoLink_init_V4:on_connect: on_connect - Connected with result code 0
2025-10-23 11:10:27.242 paho-mqtt-client-C00023 udi_interface      INFO     yoLink_init_V4:on_connect: Successfully connected to broker 192.168.1.244 
2025-10-23 11:10:27.242 paho-mqtt-client-C00023 udi_interface      DEBUG    yoLink_init_V4:on_connect: Re-subscribing devices after after disconnect
2025-10-23 11:10:28.261 paho-mqtt-client-C00023 udi_interface      DEBUG    yoLink_init_V4:on_disconnect: Disconnect - stop loop
2025-10-23 11:10:28.261 paho-mqtt-client-C00023 udi_interface      ERROR    yoLink_init_V4:on_disconnect: Unintentional disconnect - Reacquiring connection
2025-10-23 11:10:28.261 paho-mqtt-client-C00023 udi_interface      DEBUG    yoLink_init_V4:check_connection: ['local'] check_connection: port 18080
2025-10-23 11:10:28.263 paho-mqtt-client-C00023 udi_interface      DEBUG    yoLink_init_V4:check_connection: found : 18080 ESTABLISHED
2025-10-23 11:10:28.263 paho-mqtt-client-C00023 udi_interface      DEBUG    yoLink_init_V4:on_disconnect: on_disconnect - connectedToBroker = True
2025-10-23 11:10:29.325 Thread-6 (start) udi_interface      DEBUG    yoLink_init_V4:connect_to_broker: {}
2025-10-23 11:10:29.326 Thread-6 (start) udi_interface      DEBUG    yoLink_init_V4:start_retry_queue: Starting Retry Queue checking
2025-10-23 11:10:29.326 Thread-10 (check_retry_queue) udi_interface      DEBUG    yoLink_init_V4:check_retry_queue: ['local'] - Testing for command retry - queue size 0  
2025-10-23 11:10:29.326 Thread-6 (start) udi_interface      DEBUG    udiYolinkLib:my_setDriver: my_setDriver : ST 0 None 
2025-10-23 11:10:29.326 Thread-6 (start) udi_interface.node DEBUG    node:setDriver: setup:YoLinkSetup Reporting set ST to 0 to Polyglot
2025-10-23 11:10:29.327 Thread-6 (start) udi_interface.node DEBUG    node:reportDriver: Updating value to 0
2025-10-23 11:10:29.327 Thread-6 (start) udi_interface      DEBUG    yoLink_init_V4:retrieve_device_list:  ['cloud'] retrieve_device_list
2025-10-23 11:10:29.337 Thread-1 (send_thread) udi_interface.interface DEBUG    interface:_send: PUBLISHING {'set': [{'address': 'setup', 'driver': 'ST', 'value': '0', 'uom': 25, 'text': None}]}
2025-10-23 11:10:29.397 Thread-6 (start) udi_interface      DEBUG    yoLink_init_V4:retrieve_device_list: info : {
    "code": "000000",
    "time": 1761243029390,
    "msgid": 1761243029390,
    "method": "Home.getDeviceList",
    "desc": "Success",
    "data": {
        "devices": [
            {
                "deviceId": "d88b4c01000ca8d6",
                "deviceUDID": "7146e31cb67540aaae33d5ca81296ef3",
                "name": "LeakStop 1 Channel",
                "token": "2D47DA1E20702BA47BEC893773728DB6",
                "type": "WaterMeterController",
                "parentDeviceId": null,
                "modelName": "YS5009-UC",
                "serviceZone": "us_west_1"
            },
            {
                "deviceId": "d88b4c01000d41c9",
                "deviceUDID": "04e557b76c8d405abbdbcc61f008ed27",
                "name": "LeakStop 2 Channel",
                "token": "71615C474A063B9099719998014F797D",
                "type": "WaterMeterMultiController",
                "parentDeviceId": null,
                "modelName": "YS5029-UC",
                "serviceZone": "us_west_1"
            },
            {
                "deviceId": "d88b4c01000bdcfc",
                "deviceUDID": "88d721ccd86e4ed487ca348911a0638c",
                "name": "Mini On/Off Fob",
                "token": "209B4B0E2761FB15EA7CA91BD659F0D4",
                "type": "SmartRemoter",
                "parentDeviceId": null,
                "modelName": "YS3615-UC",
                "serviceZone": "us_west_1"
            },
            {
                "deviceId": "d88b4c010004b251",
                "deviceUDID": "49ddf0bc10664337a834310b63850ed3",
                "name": "Motion Sensor",
                "token": "BBBFA35BC4870C56325A7A30C72D22CC",
                "type": "MotionSensor",
                "parentDeviceId": null,
                "modelName": "YS7805-UC",
                "serviceZone": "us_west_1"
            },
            {
                "deviceId": "d88b4c01000274cb",
                "deviceUDID": "44084decf35d4947a7855cf6f290afff",
                "name": "Smart IR Remote",
                "token": "FEE59423D2B125451C0B1DC2C501ADD1",
                "type": "InfraredRemoter",
                "parentDeviceId": null,
                "modelName": "YS4803-UC",
                "serviceZone": "us_west_1"
            },
            {
                "deviceId": "d88b4c1606000023",
                "deviceUDID": "d66cf245fafd45189e77e42f7708f792",
                "name": "SY Local Hub",
                "token": "4C45F93B6CC165B76E27E0C0F8A696EC",
                "type": "Hub",
                "parentDeviceId": null,
                "modelName": "YS1606-UC",
                "serviceZone": null
            },
            {
                "deviceId": "d88b4c010003b095",
                "deviceUDID": "85b31b4936524e988261212ac6ab5bff",
                "name": "Test Name Vibration Sensor",
                "token": "35A7EA86D6E78EE3C36E2A7F1FB3D37B",
                "type": "VibrationSensor",
                "parentDeviceId": null,
                "modelName": "YS7201-UC",
                "serviceZone": "us_west_1"
            },
            {
                "deviceId": "d88b4c0100092ca9",
                "deviceUDID": "59d160caa35e4a86a9c75f5a5349dd55",
                "name": "YoLink Plug",
                "token": "4E5152CE50E684F71B9296240A9DFC65",
                "type": "Outlet",
                "parentDeviceId": null,
                "modelName": "YS6604-UC",
                "serviceZone": "us_west_1"
            },
            {
                "deviceId": "d88b4c0200134989",
                "deviceUDID": "e055f6a25c674a14ba27c3def8739eaf",
                "name": "YoLink Relay Plug",
                "token": "F612A3CF152437AAF54950A34D94F386",
                "type": "Outlet",
                "parentDeviceId": null,
                "modelName": "YS5716-UC",
                "serviceZone": "us_west_1"
            }
        ]
    }
}
2025-10-23 11:10:29.397 Thread-6 (start) udi_interface      DEBUG    yoLink_init_V4:retrieve_device_list: ['cloud'] yoAccess.deviceList: [{'deviceId': 'd88b4c01000ca8d6', 'deviceUDID': '7146e31cb67540aaae33d5ca81296ef3', 'name': 'LeakStop 1 Channel', 'token': '2D47DA1E20702BA47BEC893773728DB6', 'type': 'WaterMeterController', 'parentDeviceId': None, 'modelName': 'YS5009-UC', 'serviceZone': 'us_west_1'}, {'deviceId': 'd88b4c01000d41c9', 'deviceUDID': '04e557b76c8d405abbdbcc61f008ed27', 'name': 'LeakStop 2 Channel', 'token': '71615C474A063B9099719998014F797D', 'type': 'WaterMeterMultiController', 'parentDeviceId': None, 'modelName': 'YS5029-UC', 'serviceZone': 'us_west_1'}, {'deviceId': 'd88b4c01000bdcfc', 'deviceUDID': '88d721ccd86e4ed487ca348911a0638c', 'name': 'Mini On/Off Fob', 'token': '209B4B0E2761FB15EA7CA91BD659F0D4', 'type': 'SmartRemoter', 'parentDeviceId': None, 'modelName': 'YS3615-UC', 'serviceZone': 'us_west_1'}, {'deviceId': 'd88b4c010004b251', 'deviceUDID': '49ddf0bc10664337a834310b63850ed3', 'name': 'Motion Sensor', 'token': 'BBBFA35BC4870C56325A7A30C72D22CC', 'type': 'MotionSensor', 'parentDeviceId': None, 'modelName': 'YS7805-UC', 'serviceZone': 'us_west_1'}, {'deviceId': 'd88b4c01000274cb', 'deviceUDID': '44084decf35d4947a7855cf6f290afff', 'name': 'Smart IR Remote', 'token': 'FEE59423D2B125451C0B1DC2C501ADD1', 'type': 'InfraredRemoter', 'parentDeviceId': None, 'modelName': 'YS4803-UC', 'serviceZone': 'us_west_1'}, {'deviceId': 'd88b4c1606000023', 'deviceUDID': 'd66cf245fafd45189e77e42f7708f792', 'name': 'SY Local Hub', 'token': '4C45F93B6CC165B76E27E0C0F8A696EC', 'type': 'Hub', 'parentDeviceId': None, 'modelName': 'YS1606-UC', 'serviceZone': None}, {'deviceId': 'd88b4c010003b095', 'deviceUDID': '85b31b4936524e988261212ac6ab5bff', 'name': 'Test Name Vibration Sensor', 'token': '35A7EA86D6E78EE3C36E2A7F1FB3D37B', 'type': 'VibrationSensor', 'parentDeviceId': None, 'modelName': 'YS7201-UC', 'serviceZone': 'us_west_1'}, {'deviceId': 'd88b4c0100092ca9', 'deviceUDID': '59d160caa35e4a86a9c75f5a5349dd55', 'name': 'YoLink Plug', 'token': '4E5152CE50E684F71B9296240A9DFC65', 'type': 'Outlet', 'parentDeviceId': None, 'modelName': 'YS6604-UC', 'serviceZone': 'us_west_1'}, {'deviceId': 'd88b4c0200134989', 'deviceUDID': 'e055f6a25c674a14ba27c3def8739eaf', 'name': 'YoLink Relay Plug', 'token': 'F612A3CF152437AAF54950A34D94F386', 'type': 'Outlet', 'parentDeviceId': None, 'modelName': 'YS5716-UC', 'serviceZone': 'us_west_1'}]
2025-10-23 11:10:29.398 Thread-6 (start) udi_interface      DEBUG    yoLink_init_V4:getDeviceList: Device list: [{'deviceId': 'd88b4c01000ca8d6', 'deviceUDID': '7146e31cb67540aaae33d5ca81296ef3', 'name': 'LeakStop 1 Channel', 'token': '2D47DA1E20702BA47BEC893773728DB6', 'type': 'WaterMeterController', 'parentDeviceId': None, 'modelName': 'YS5009-UC', 'serviceZone': 'us_west_1'}, {'deviceId': 'd88b4c01000d41c9', 'deviceUDID': '04e557b76c8d405abbdbcc61f008ed27', 'name': 'LeakStop 2 Channel', 'token': '71615C474A063B9099719998014F797D', 'type': 'WaterMeterMultiController', 'parentDeviceId': None, 'modelName': 'YS5029-UC', 'serviceZone': 'us_west_1'}, {'deviceId': 'd88b4c01000bdcfc', 'deviceUDID': '88d721ccd86e4ed487ca348911a0638c', 'name': 'Mini On/Off Fob', 'token': '209B4B0E2761FB15EA7CA91BD659F0D4', 'type': 'SmartRemoter', 'parentDeviceId': None, 'modelName': 'YS3615-UC', 'serviceZone': 'us_west_1'}, {'deviceId': 'd88b4c010004b251', 'deviceUDID': '49ddf0bc10664337a834310b63850ed3', 'name': 'Motion Sensor', 'token': 'BBBFA35BC4870C56325A7A30C72D22CC', 'type': 'MotionSensor', 'parentDeviceId': None, 'modelName': 'YS7805-UC', 'serviceZone': 'us_west_1'}, {'deviceId': 'd88b4c01000274cb', 'deviceUDID': '44084decf35d4947a7855cf6f290afff', 'name': 'Smart IR Remote', 'token': 'FEE59423D2B125451C0B1DC2C501ADD1', 'type': 'InfraredRemoter', 'parentDeviceId': None, 'modelName': 'YS4803-UC', 'serviceZone': 'us_west_1'}, {'deviceId': 'd88b4c1606000023', 'deviceUDID': 'd66cf245fafd45189e77e42f7708f792', 'name': 'SY Local Hub', 'token': '4C45F93B6CC165B76E27E0C0F8A696EC', 'type': 'Hub', 'parentDeviceId': None, 'modelName': 'YS1606-UC', 'serviceZone': None}, {'deviceId': 'd88b4c010003b095', 'deviceUDID': '85b31b4936524e988261212ac6ab5bff', 'name': 'Test Name Vibration Sensor', 'token': '35A7EA86D6E78EE3C36E2A7F1FB3D37B', 'type': 'VibrationSensor', 'parentDeviceId': None, 'modelName': 'YS7201-UC', 'serviceZone': 'us_west_1'}, {'deviceId': 'd88b4c0100092ca9', 'deviceUDID': '59d160caa35e4a86a9c75f5a5349dd55', 'name': 'YoLink Plug', 'token': '4E5152CE50E684F71B9296240A9DFC65', 'type': 'Outlet', 'parentDeviceId': None, 'modelName': 'YS6604-UC', 'serviceZone': 'us_west_1'}, {'deviceId': 'd88b4c0200134989', 'deviceUDID': 'e055f6a25c674a14ba27c3def8739eaf', 'name': 'YoLink Relay Plug', 'token': 'F612A3CF152437AAF54950A34D94F386', 'type': 'Outlet', 'parentDeviceId': None, 'modelName': 'YS5716-UC', 'serviceZone': 'us_west_1'}]
2025-10-23 11:10:29.398 Thread-6 (start) udi_interface      DEBUG    yoLink_init_V4:retrieve_device_list:  ['local'] retrieve_device_list
2025-10-23 11:10:29.400 Thread-6 (start) udi_interface      ERROR    yoLink_init_V4:retrieve_device_list: Exception  -  retrieve_device_list : HTTPConnectionPool(host='192.168.1.244', port=1080): Max retries exceeded with url: /open/yolink/v2/api (Caused by NewConnectionError('<urllib3.connection.HTTPConnection object at 0x2d2156373a50>: Failed to establish a new connection: [Errno 61] Connection refused'))
2025-10-23 11:10:29.400 Thread-6 (start) udi_interface      DEBUG    yoLink_init_V4:getDeviceList: Device list: []
2025-10-23 11:10:29.400 Thread-6 (start) udi_interface      DEBUG    udiYoLinkLocal:parse_device_lists: parse_device_lists [{'deviceId': 'd88b4c01000ca8d6', 'deviceUDID': '7146e31cb67540aaae33d5ca81296ef3', 'name': 'LeakStop 1 Channel', 'token': '2D47DA1E20702BA47BEC893773728DB6', 'type': 'WaterMeterController', 'parentDeviceId': None, 'modelName': 'YS5009-UC', 'serviceZone': 'us_west_1'}, {'deviceId': 'd88b4c01000d41c9', 'deviceUDID': '04e557b76c8d405abbdbcc61f008ed27', 'name': 'LeakStop 2 Channel', 'token': '71615C474A063B9099719998014F797D', 'type': 'WaterMeterMultiController', 'parentDeviceId': None, 'modelName': 'YS5029-UC', 'serviceZone': 'us_west_1'}, {'deviceId': 'd88b4c01000bdcfc', 'deviceUDID': '88d721ccd86e4ed487ca348911a0638c', 'name': 'Mini On/Off Fob', 'token': '209B4B0E2761FB15EA7CA91BD659F0D4', 'type': 'SmartRemoter', 'parentDeviceId': None, 'modelName': 'YS3615-UC', 'serviceZone': 'us_west_1'}, {'deviceId': 'd88b4c010004b251', 'deviceUDID': '49ddf0bc10664337a834310b63850ed3', 'name': 'Motion Sensor', 'token': 'BBBFA35BC4870C56325A7A30C72D22CC', 'type': 'MotionSensor', 'parentDeviceId': None, 'modelName': 'YS7805-UC', 'serviceZone': 'us_west_1'}, {'deviceId': 'd88b4c01000274cb', 'deviceUDID': '44084decf35d4947a7855cf6f290afff', 'name': 'Smart IR Remote', 'token': 'FEE59423D2B125451C0B1DC2C501ADD1', 'type': 'InfraredRemoter', 'parentDeviceId': None, 'modelName': 'YS4803-UC', 'serviceZone': 'us_west_1'}, {'deviceId': 'd88b4c1606000023', 'deviceUDID': 'd66cf245fafd45189e77e42f7708f792', 'name': 'SY Local Hub', 'token': '4C45F93B6CC165B76E27E0C0F8A696EC', 'type': 'Hub', 'parentDeviceId': None, 'modelName': 'YS1606-UC', 'serviceZone': None}, {'deviceId': 'd88b4c010003b095', 'deviceUDID': '85b31b4936524e988261212ac6ab5bff', 'name': 'Test Name Vibration Sensor', 'token': '35A7EA86D6E78EE3C36E2A7F1FB3D37B', 'type': 'VibrationSensor', 'parentDeviceId': None, 'modelName': 'YS7201-UC', 'serviceZone': 'us_west_1'}, {'deviceId': 'd88b4c0100092ca9', 'deviceUDID': '59d160caa35e4a86a9c75f5a5349dd55', 'name': 'YoLink Plug', 'token': '4E5152CE50E684F71B9296240A9DFC65', 'type': 'Outlet', 'parentDeviceId': None, 'modelName': 'YS6604-UC', 'serviceZone': 'us_west_1'}, {'deviceId': 'd88b4c0200134989', 'deviceUDID': 'e055f6a25c674a14ba27c3def8739eaf', 'name': 'YoLink Relay Plug', 'token': 'F612A3CF152437AAF54950A34D94F386', 'type': 'Outlet', 'parentDeviceId': None, 'modelName': 'YS5716-UC', 'serviceZone': 'us_west_1'}] []
2025-10-23 11:10:29.400 Thread-6 (start) udi_interface      DEBUG    udiYoLinkLocal:parse_device_lists: Resulting Device List [{'deviceId': 'd88b4c01000ca8d6', 'deviceUDID': '7146e31cb67540aaae33d5ca81296ef3', 'name': 'LeakStop 1 Channel', 'token': '2D47DA1E20702BA47BEC893773728DB6', 'type': 'WaterMeterController', 'parentDeviceId': None, 'modelName': 'YS5009-UC', 'serviceZone': 'us_west_1', 'access': 1}, {'deviceId': 'd88b4c01000d41c9', 'deviceUDID': '04e557b76c8d405abbdbcc61f008ed27', 'name': 'LeakStop 2 Channel', 'token': '71615C474A063B9099719998014F797D', 'type': 'WaterMeterMultiController', 'parentDeviceId': None, 'modelName': 'YS5029-UC', 'serviceZone': 'us_west_1', 'access': 1}, {'deviceId': 'd88b4c01000bdcfc', 'deviceUDID': '88d721ccd86e4ed487ca348911a0638c', 'name': 'Mini On/Off Fob', 'token': '209B4B0E2761FB15EA7CA91BD659F0D4', 'type': 'SmartRemoter', 'parentDeviceId': None, 'modelName': 'YS3615-UC', 'serviceZone': 'us_west_1', 'access': 1}, {'deviceId': 'd88b4c010004b251', 'deviceUDID': '49ddf0bc10664337a834310b63850ed3', 'name': 'Motion Sensor', 'token': 'BBBFA35BC4870C56325A7A30C72D22CC', 'type': 'MotionSensor', 'parentDeviceId': None, 'modelName': 'YS7805-UC', 'serviceZone': 'us_west_1', 'access': 1}, {'deviceId': 'd88b4c01000274cb', 'deviceUDID': '44084decf35d4947a7855cf6f290afff', 'name': 'Smart IR Remote', 'token': 'FEE59423D2B125451C0B1DC2C501ADD1', 'type': 'InfraredRemoter', 'parentDeviceId': None, 'modelName': 'YS4803-UC', 'serviceZone': 'us_west_1', 'access': 1}, {'deviceId': 'd88b4c1606000023', 'deviceUDID': 'd66cf245fafd45189e77e42f7708f792', 'name': 'SY Local Hub', 'token': '4C45F93B6CC165B76E27E0C0F8A696EC', 'type': 'Hub', 'parentDeviceId': None, 'modelName': 'YS1606-UC', 'serviceZone': None, 'access': 1}, {'deviceId': 'd88b4c010003b095', 'deviceUDID': '85b31b4936524e988261212ac6ab5bff', 'name': 'Test Name Vibration Sensor', 'token': '35A7EA86D6E78EE3C36E2A7F1FB3D37B', 'type': 'VibrationSensor', 'parentDeviceId': None, 'modelName': 'YS7201-UC', 'serviceZone': 'us_west_1', 'access': 1}, {'deviceId': 'd88b4c0100092ca9', 'deviceUDID': '59d160caa35e4a86a9c75f5a5349dd55', 'name': 'YoLink Plug', 'token': '4E5152CE50E684F71B9296240A9DFC65', 'type': 'Outlet', 'parentDeviceId': None, 'modelName': 'YS6604-UC', 'serviceZone': 'us_west_1', 'access': 1}, {'deviceId': 'd88b4c0200134989', 'deviceUDID': 'e055f6a25c674a14ba27c3def8739eaf', 'name': 'YoLink Relay Plug', 'token': 'F612A3CF152437AAF54950A34D94F386', 'type': 'Outlet', 'parentDeviceId': None, 'modelName': 'YS5716-UC', 'serviceZone': 'us_west_1', 'access': 1}]
2025-10-23 11:10:29.400 Thread-6 (start) udi_interface      DEBUG    udiYoLinkLocal:start: 9 devices detected : [{'deviceId': 'd88b4c01000ca8d6', 'deviceUDID': '7146e31cb67540aaae33d5ca81296ef3', 'name': 'LeakStop 1 Channel', 'token': '2D47DA1E20702BA47BEC893773728DB6', 'type': 'WaterMeterController', 'parentDeviceId': None, 'modelName': 'YS5009-UC', 'serviceZone': 'us_west_1', 'access': 1}, {'deviceId': 'd88b4c01000d41c9', 'deviceUDID': '04e557b76c8d405abbdbcc61f008ed27', 'name': 'LeakStop 2 Channel', 'token': '71615C474A063B9099719998014F797D', 'type': 'WaterMeterMultiController', 'parentDeviceId': None, 'modelName': 'YS5029-UC', 'serviceZone': 'us_west_1', 'access': 1}, {'deviceId': 'd88b4c01000bdcfc', 'deviceUDID': '88d721ccd86e4ed487ca348911a0638c', 'name': 'Mini On/Off Fob', 'token': '209B4B0E2761FB15EA7CA91BD659F0D4', 'type': 'SmartRemoter', 'parentDeviceId': None, 'modelName': 'YS3615-UC', 'serviceZone': 'us_west_1', 'access': 1}, {'deviceId': 'd88b4c010004b251', 'deviceUDID': '49ddf0bc10664337a834310b63850ed3', 'name': 'Motion Sensor', 'token': 'BBBFA35BC4870C56325A7A30C72D22CC', 'type': 'MotionSensor', 'parentDeviceId': None, 'modelName': 'YS7805-UC', 'serviceZone': 'us_west_1', 'access': 1}, {'deviceId': 'd88b4c01000274cb', 'deviceUDID': '44084decf35d4947a7855cf6f290afff', 'name': 'Smart IR Remote', 'token': 'FEE59423D2B125451C0B1DC2C501ADD1', 'type': 'InfraredRemoter', 'parentDeviceId': None, 'modelName': 'YS4803-UC', 'serviceZone': 'us_west_1', 'access': 1}, {'deviceId': 'd88b4c1606000023', 'deviceUDID': 'd66cf245fafd45189e77e42f7708f792', 'name': 'SY Local Hub', 'token': '4C45F93B6CC165B76E27E0C0F8A696EC', 'type': 'Hub', 'parentDeviceId': None, 'modelName': 'YS1606-UC', 'serviceZone': None, 'access': 1}, {'deviceId': 'd88b4c010003b095', 'deviceUDID': '85b31b4936524e988261212ac6ab5bff', 'name': 'Test Name Vibration Sensor', 'token': '35A7EA86D6E78EE3C36E2A7F1FB3D37B', 'type': 'VibrationSensor', 'parentDeviceId': None, 'modelName': 'YS7201-UC', 'serviceZone': 'us_west_1', 'access': 1}, {'deviceId': 'd88b4c0100092ca9', 'deviceUDID': '59d160caa35e4a86a9c75f5a5349dd55', 'name': 'YoLink Plug', 'token': '4E5152CE50E684F71B9296240A9DFC65', 'type': 'Outlet', 'parentDeviceId': None, 'modelName': 'YS6604-UC', 'serviceZone': 'us_west_1', 'access': 1}, {'deviceId': 'd88b4c0200134989', 'deviceUDID': 'e055f6a25c674a14ba27c3def8739eaf', 'name': 'YoLink Relay Plug', 'token': 'F612A3CF152437AAF54950A34D94F386', 'type': 'Outlet', 'parentDeviceId': None, 'modelName': 'YS5716-UC', 'serviceZone': 'us_west_1', 'access': 1}]
2025-10-23 11:10:29.400 Thread-6 (start) udi_interface      DEBUG    udiYolinkLib:my_setDriver: my_setDriver : ST 1 None 
2025-10-23 11:10:29.400 Thread-6 (start) udi_interface.node DEBUG    node:setDriver: setup:YoLinkSetup Reporting set ST to 1 to Polyglot
2025-10-23 11:10:29.400 Thread-6 (start) udi_interface.node DEBUG    node:reportDriver: Updating value to 1
2025-10-23 11:10:29.400 Thread-6 (start) udi_interface      DEBUG    udiCommonLib:addNodes: DEVICE BEING ANALYZED {'deviceId': 'd88b4c01000ca8d6', 'deviceUDID': '7146e31cb67540aaae33d5ca81296ef3', 'name': 'LeakStop 1 Channel', 'token': '2D47DA1E20702BA47BEC893773728DB6', 'type': 'WaterMeterController', 'parentDeviceId': None, 'modelName': 'YS5009-UC', 'serviceZone': 'us_west_1', 'access': 1}
2025-10-23 11:10:29.400 Thread-6 (start) udi_interface      WARNING  udiCommonLib:addNodes: Currently unsupported device type found: WaterMeterController - LeakStop 1 Channel
2025-10-23 11:10:29.401 Thread-6 (start) udi_interface      DEBUG    udiCommonLib:addNodes: DEVICE BEING ANALYZED {'deviceId': 'd88b4c01000d41c9', 'deviceUDID': '04e557b76c8d405abbdbcc61f008ed27', 'name': 'LeakStop 2 Channel', 'token': '71615C474A063B9099719998014F797D', 'type': 'WaterMeterMultiController', 'parentDeviceId': None, 'modelName': 'YS5029-UC', 'serviceZone': 'us_west_1', 'access': 1}
2025-10-23 11:10:29.401 Thread-6 (start) udi_interface      WARNING  udiCommonLib:addNodes: Currently unsupported device type found: WaterMeterMultiController - LeakStop 2 Channel
2025-10-23 11:10:29.401 Thread-6 (start) udi_interface      DEBUG    udiCommonLib:addNodes: DEVICE BEING ANALYZED {'deviceId': 'd88b4c01000bdcfc', 'deviceUDID': '88d721ccd86e4ed487ca348911a0638c', 'name': 'Mini On/Off Fob', 'token': '209B4B0E2761FB15EA7CA91BD659F0D4', 'type': 'SmartRemoter', 'parentDeviceId': None, 'modelName': 'YS3615-UC', 'serviceZone': 'us_west_1', 'access': 1}
2025-10-23 11:10:29.401 Thread-6 (start) udi_interface      WARNING  udiCommonLib:addNodes: Currently unsupported device type found: SmartRemoter - Mini On/Off Fob
2025-10-23 11:10:29.401 Thread-6 (start) udi_interface      DEBUG    udiCommonLib:addNodes: DEVICE BEING ANALYZED {'deviceId': 'd88b4c010004b251', 'deviceUDID': '49ddf0bc10664337a834310b63850ed3', 'name': 'Motion Sensor', 'token': 'BBBFA35BC4870C56325A7A30C72D22CC', 'type': 'MotionSensor', 'parentDeviceId': None, 'modelName': 'YS7805-UC', 'serviceZone': 'us_west_1', 'access': 1}
2025-10-23 11:10:29.401 Thread-6 (start) udi_interface      WARNING  udiCommonLib:addNodes: Currently unsupported device type found: MotionSensor - Motion Sensor
2025-10-23 11:10:29.401 Thread-6 (start) udi_interface      DEBUG    udiCommonLib:addNodes: DEVICE BEING ANALYZED {'deviceId': 'd88b4c01000274cb', 'deviceUDID': '44084decf35d4947a7855cf6f290afff', 'name': 'Smart IR Remote', 'token': 'FEE59423D2B125451C0B1DC2C501ADD1', 'type': 'InfraredRemoter', 'parentDeviceId': None, 'modelName': 'YS4803-UC', 'serviceZone': 'us_west_1', 'access': 1}
2025-10-23 11:10:29.401 Thread-6 (start) udi_interface      WARNING  udiCommonLib:addNodes: Currently unsupported device type found: InfraredRemoter - Smart IR Remote
2025-10-23 11:10:29.401 Thread-6 (start) udi_interface      DEBUG    udiCommonLib:addNodes: DEVICE BEING ANALYZED {'deviceId': 'd88b4c1606000023', 'deviceUDID': 'd66cf245fafd45189e77e42f7708f792', 'name': 'SY Local Hub', 'token': '4C45F93B6CC165B76E27E0C0F8A696EC', 'type': 'Hub', 'parentDeviceId': None, 'modelName': 'YS1606-UC', 'serviceZone': None, 'access': 1}
2025-10-23 11:10:29.401 Thread-6 (start) udi_interface      WARNING  udiCommonLib:addNodes: Currently unsupported device type found: Hub - SY Local Hub
2025-10-23 11:10:29.401 Thread-6 (start) udi_interface      DEBUG    udiCommonLib:addNodes: DEVICE BEING ANALYZED {'deviceId': 'd88b4c010003b095', 'deviceUDID': '85b31b4936524e988261212ac6ab5bff', 'name': 'Test Name Vibration Sensor', 'token': '35A7EA86D6E78EE3C36E2A7F1FB3D37B', 'type': 'VibrationSensor', 'parentDeviceId': None, 'modelName': 'YS7201-UC', 'serviceZone': 'us_west_1', 'access': 1}
2025-10-23 11:10:29.401 Thread-6 (start) udi_interface      DEBUG    udiCommonLib:addNodes: Cloud Access selected Test Name Vibration Sensor
2025-10-23 11:10:29.401 Thread-6 (start) udi_interface.custom DEBUG    custom:__setitem__: CUSTOM: 8b4c010003b095 = Test Name Vibration Sensor ...saving
2025-10-23 11:10:29.401 Thread-6 (start) udi_interface.custom INFO     custom:_save: Sending data customparams to Polyglot.
2025-10-23 11:10:29.402 Thread-6 (start) udi_interface      INFO     udiCommonLib:addNodes: adding/checking device : Test Name Vibration Sensor - VibrationSensor
2025-10-23 11:10:29.402 Thread-6 (start) udi_interface      INFO     udiCommonLib:addNodes: Adding device Test Name Vibration Sensor (VibrationSensor) as Test Name Vibration Sensor
2025-10-23 11:10:29.402 Thread-6 (start) udi_interface.interface WARNING  interface:db_getNodeDrivers: 8b4c010003b095 not found in database.
2025-10-23 11:10:29.402 Thread-6 (start) udi_interface      DEBUG    udiYoVibrationSensorV3:__init__: udiYoVibrationSensor INIT- Test Name Vibration Sensor
2025-10-23 11:10:29.402 Thread-6 (start) udi_interface      DEBUG    udiYolinkLib:retrieve_cmd_state: retrieve_cmd_state - 8b4c010003b095
2025-10-23 11:10:29.402 Thread-6 (start) udi_interface      DEBUG    udiYolinkLib:retrieve_cmd_state: retrieve_cmd_state - state = 0
2025-10-23 11:10:29.402 Thread-6 (start) udi_interface.interface DEBUG    interface:ready: Asking PG3 for config/getAll now
2025-10-23 11:10:29.402 Thread-6 (start) udi_interface.interface INFO     interface:addNode: Adding node Test Name Vibration Sensor(8b4c010003b095) [None]
2025-10-23 11:10:29.403 Thread-6 (start) udi_interface      DEBUG    udiYoVibrationSensorV3:__init__: udiYoVibrationSensor INIT- DONE yovibrasensFn  Test Name Vibration Sensor 8b4c010003b095 1
2025-10-23 11:10:29.403 Thread-6 (start) udi_interface      DEBUG    udiCommonLib:addNodes: Waiting for node VibrationSensor-Test Name Vibration Sensor to be ready
2025-10-23 11:10:29.410 Thread-1 (send_thread) udi_interface.interface DEBUG    interface:_send: PUBLISHING {'set': [{'address': 'setup', 'driver': 'ST', 'value': '1', 'uom': 25, 'text': None}]}
2025-10-23 11:10:29.411 Thread-1 (send_thread) udi_interface.interface DEBUG    interface:_send: PUBLISHING {'set': [{'key': 'customparams', 'value': {'UAID': 'ua_05E8E07C48EC4639BB2CE61CAFCC551A', 'SECRET_KEY': 'sec_v1_uufF2C3GIb+kcV5ipS+9tg==', 'TEMP_UNIT': 'F', 'LOCAL_CLIENT_ID': 'bfae5ecc-4312-41d3-b109-7cba0a59a203', 'LOCAL_CLIENT_SECRET': 'sec_v1_bQO0teM1TFND4prgJaRZwg==', 'LOCAL_IP': '192.168.1.244', 'MODE': 'hybrid', 'SUBNET_ID': 'C00023', '8b4c0100092ca9': 'YoLink Plug', '8b4c0200134989': 'YoLink Relay Plug', '8b4c010003b095': 'Test Name Vibration Sensor'}}]}
2025-10-23 11:10:29.411 Thread-1 (send_thread) udi_interface.interface DEBUG    interface:_send: PUBLISHING {'config': {'version': '1.6.5', 'requestId': False}}
2025-10-23 11:10:29.411 Thread-1 (send_thread) udi_interface.interface DEBUG    interface:_send: PUBLISHING {'getAll': {}}
2025-10-23 11:10:29.412 Thread-1 (send_thread) udi_interface.interface DEBUG    interface:_send: PUBLISHING {'getNsInfo': {}}
2025-10-23 11:10:29.412 Thread-1 (send_thread) udi_interface.interface DEBUG    interface:_send: PUBLISHING {'addnode': [{'address': '8b4c010003b095', 'name': 'Test Name Vibration Sensor', 'nodeDefId': 'yovibrasensF', 'primaryNode': '8b4c010003b095', 'drivers': [{'driver': 'GV0', 'value': 99, 'uom': 25}, {'driver': 'GV1', 'value': 99, 'uom': 25}, {'driver': 'GV2', 'value': 0, 'uom': 25}, {'driver': 'CLITEMP', 'value': 99, 'uom': 25}, {'driver': 'ST', 'value': 99, 'uom': 25}, {'driver': 'GV30', 'value': 0, 'uom': 25}, {'driver': 'GV20', 'value': 99, 'uom': 25}, {'driver': 'TIME', 'value': 1761243018, 'uom': 151}], 'hint': [0, 0, 0, 0], 'private': None, 'rename': True}]}
2025-10-23 11:10:29.423 MQTT       udi_interface.interface INFO     interface:_message: Successfully set setup :: ST to 0 UOM 25
2025-10-23 11:10:29.440 MQTT       udi_interface.interface INFO     interface:_disconnect: MQTT Unexpected disconnection. Reason code: Unspecified error. Sent by server: False. Retry in 10 seconds.
2025-10-23 11:10:33.414 Thread-6 (start) udi_interface      DEBUG    udiCommonLib:addNodes: Waiting for node VibrationSensor-Test Name Vibration Sensor to be ready
2025-10-23 11:10:35.160 Thread-9 (check_retry_queue) udi_interface      DEBUG    yoLink_init_V4:check_retry_queue: ['cloud'] - Testing for command retry - queue size 0  
2025-10-23 11:10:35.347 paho-mqtt-client-C00023 udi_interface      DEBUG    yoLink_init_V4:on_connect: on_connect - Connected with result code 5
2025-10-23 11:10:35.348 paho-mqtt-client-C00023 udi_interface      ERROR    yoLink_init_V4:on_connect: Authentication error 5 - Token no longer valid - Need to reconnect 
2025-10-23 11:10:35.348 paho-mqtt-client-C00023 udi_interface      DEBUG    yoLink_init_V4:check_connection: ['local'] check_connection: port 18080
2025-10-23 11:10:35.351 paho-mqtt-client-C00023 udi_interface      DEBUG    yoLink_init_V4:check_connection: found : 18080 ESTABLISHED
2025-10-23 11:10:35.351 paho-mqtt-client-C00023 udi_interface      DEBUG    yoLink_init_V4:on_connect: netid = sconn(fd=14, family=<AddressFamily.AF_INET: 2>, type=<SocketKind.SOCK_STREAM: 1>, laddr=addr(ip='192.168.1.204', port=26361), raddr=addr(ip='192.168.1.244', port=18080), status='ESTABLISHED', pid=3760)
2025-10-23 11:10:35.351 paho-mqtt-client-C00023 udi_interface      DEBUG    yoLink_init_V4:on_disconnect: Disconnect - stop loop
2025-10-23 11:10:35.351 paho-mqtt-client-C00023 udi_interface      ERROR    yoLink_init_V4:on_disconnect: Unintentional disconnect - Reacquiring connection
2025-10-23 11:10:35.351 paho-mqtt-client-C00023 udi_interface      DEBUG    yoLink_init_V4:check_connection: ['local'] check_connection: port 18080
2025-10-23 11:10:35.352 paho-mqtt-client-C00023 udi_interface      DEBUG    yoLink_init_V4:on_disconnect: on_disconnect - connectedToBroker = False
2025-10-23 11:10:35.353 paho-mqtt-client-C00023 udi_interface      DEBUG    yoLink_init_V4:on_disconnect: on_disconnect - restarting broker
2025-10-23 11:10:37.354 paho-mqtt-client-C00023 udi_interface      INFO     yoLink_init_V4:connect_to_broker: ['local'] Connecting to broker...
2025-10-23 11:10:37.354 paho-mqtt-client-C00023 udi_interface      INFO     yoLink_init_V4:refresh_token: ['local'] Refreshing Token None
2025-10-23 11:10:37.437 Thread-6 (start) udi_interface      DEBUG    udiCommonLib:addNodes: Waiting for node VibrationSensor-Test Name Vibration Sensor to be ready
2025-10-23 11:10:37.438 paho-mqtt-client-C00023 udi_interface      DEBUG    yoLink_init_V4:refresh_token: Refresh response : <Response [200]> True {"access_token":"eyJhbGciOiJIUzI1NiIsInR5cCI6IkpXVCJ9.eyJpYXQiOjE3NjEyNDMwMzcsImV4cCI6MTc2MTI1MDIzNywiaXNzIjoiYmZhZTVlY2MtNDMxMi00MWQzLWIxMDktN2NiYTBhNTlhMjAzIiwiYXVkIjoiNzlmZmMyZGQ4MjliNGY5NmFmMTdjMWE2NmMxNTdhNzgiLCJzdWIiOiI3OWZmYzJkZDgyOWI0Zjk2YWYxN2MxYTY2YzE1N2E3OCIsInNjb3BlIjpbImFzL2F1Il19.3fn8M9VK3wqyPjh_UPO_-fnKcOZSaQTzEO1AOBwc97A","token_type":"bearer","expires_in":7200,"refresh_token":"eyJhbGciOiJIUzI1NiIsInR5cCI6IkpXVCJ9.eyJpYXQiOjE3NjEyNDMwMzcsImV4cCI6MTc2MzgzNTAzNywiaXNzIjoiYmZhZTVlY2MtNDMxMi00MWQzLWIxMDktN2NiYTBhNTlhMjAzIiwiYXVkIjoiNzlmZmMyZGQ4MjliNGY5NmFmMTdjMWE2NmMxNTdhNzgiLCJzdWIiOiI3OWZmYzJkZDgyOWI0Zjk2YWYxN2MxYTY2YzE1N2E3OCIsInNjb3BlIjpbImFzL2F1Il19.7xcKHTzhqOuAs5LhShyIfhZSBlkglK2qudRF0gA5qNI","scope":["create"]}
2025-10-23 11:10:37.438 paho-mqtt-client-C00023 udi_interface      INFO     yoLink_init_V4:connect_to_broker: Retrieving YoLink API info
2025-10-23 11:10:38.445 paho-mqtt-client-C00023 udi_interface      DEBUG    yoLink_init_V4:connect_to_broker: Connect info: ['local'] 192.168.1.244 18080 60 {'access_token': 'eyJhbGciOiJIUzI1NiIsInR5cCI6IkpXVCJ9.eyJpYXQiOjE3NjEyNDMwMzcsImV4cCI6MTc2MTI1MDIzNywiaXNzIjoiYmZhZTVlY2MtNDMxMi00MWQzLWIxMDktN2NiYTBhNTlhMjAzIiwiYXVkIjoiNzlmZmMyZGQ4MjliNGY5NmFmMTdjMWE2NmMxNTdhNzgiLCJzdWIiOiI3OWZmYzJkZDgyOWI0Zjk2YWYxN2MxYTY2YzE1N2E3OCIsInNjb3BlIjpbImFzL2F1Il19.3fn8M9VK3wqyPjh_UPO_-fnKcOZSaQTzEO1AOBwc97A', 'token_type': 'bearer', 'expires_in': 7200, 'refresh_token': 'eyJhbGciOiJIUzI1NiIsInR5cCI6IkpXVCJ9.eyJpYXQiOjE3NjEyNDMwMzcsImV4cCI6MTc2MzgzNTAzNywiaXNzIjoiYmZhZTVlY2MtNDMxMi00MWQzLWIxMDktN2NiYTBhNTlhMjAzIiwiYXVkIjoiNzlmZmMyZGQ4MjliNGY5NmFmMTdjMWE2NmMxNTdhNzgiLCJzdWIiOiI3OWZmYzJkZDgyOWI0Zjk2YWYxN2MxYTY2YzE1N2E3OCIsInNjb3BlIjpbImFzL2F1Il19.7xcKHTzhqOuAs5LhShyIfhZSBlkglK2qudRF0gA5qNI', 'scope': ['create'], 'expirationTime': 1761250237}
2025-10-23 11:10:38.446 paho-mqtt-client-C00023 udi_interface      DEBUG    yoLink_init_V4:connect_to_broker: local ; bfae5ecc-4312-41d3-b109-7cba0a59a203 sec_v1_bQO0teM1TFND4prgJaRZwg==
2025-10-23 11:10:38.446 paho-mqtt-client-C00023 udi_interface      DEBUG    yoLink_init_V4:connect_to_broker: Connect 2 info: 192.168.1.244 18080 60 {'access_token': 'eyJhbGciOiJIUzI1NiIsInR5cCI6IkpXVCJ9.eyJpYXQiOjE3NjEyNDMwMzcsImV4cCI6MTc2MTI1MDIzNywiaXNzIjoiYmZhZTVlY2MtNDMxMi00MWQzLWIxMDktN2NiYTBhNTlhMjAzIiwiYXVkIjoiNzlmZmMyZGQ4MjliNGY5NmFmMTdjMWE2NmMxNTdhNzgiLCJzdWIiOiI3OWZmYzJkZDgyOWI0Zjk2YWYxN2MxYTY2YzE1N2E3OCIsInNjb3BlIjpbImFzL2F1Il19.3fn8M9VK3wqyPjh_UPO_-fnKcOZSaQTzEO1AOBwc97A', 'token_type': 'bearer', 'expires_in': 7200, 'refresh_token': 'eyJhbGciOiJIUzI1NiIsInR5cCI6IkpXVCJ9.eyJpYXQiOjE3NjEyNDMwMzcsImV4cCI6MTc2MzgzNTAzNywiaXNzIjoiYmZhZTVlY2MtNDMxMi00MWQzLWIxMDktN2NiYTBhNTlhMjAzIiwiYXVkIjoiNzlmZmMyZGQ4MjliNGY5NmFmMTdjMWE2NmMxNTdhNzgiLCJzdWIiOiI3OWZmYzJkZDgyOWI0Zjk2YWYxN2MxYTY2YzE1N2E3OCIsInNjb3BlIjpbImFzL2F1Il19.7xcKHTzhqOuAs5LhShyIfhZSBlkglK2qudRF0gA5qNI', 'scope': ['create'], 'expirationTime': 1761250237}
2025-10-23 11:10:38.447 paho-mqtt-client-C00023 udi_interface      DEBUG    yoLink_init_V4:connect_to_broker: yoAccess.client.connect: 0
2025-10-23 11:10:39.332 Thread-10 (check_retry_queue) udi_interface      DEBUG    yoLink_init_V4:check_retry_queue: ['local'] - Testing for command retry - queue size 0  
2025-10-23 11:10:39.451 MQTT       udi_interface.interface INFO     interface:_disconnect: MQTT: Reconnect successful
2025-10-23 11:10:40.474 paho-mqtt-client-C00023 udi_interface      DEBUG    yoLink_init_V4:connect_to_broker: {}
2025-10-23 11:10:40.484 paho-mqtt-client-C00023 udi_interface      DEBUG    yoLink_init_V4:on_connect: on_connect - Connected with result code 0
2025-10-23 11:10:40.484 paho-mqtt-client-C00023 udi_interface      INFO     yoLink_init_V4:on_connect: Successfully connected to broker 192.168.1.244 
2025-10-23 11:10:40.485 paho-mqtt-client-C00023 udi_interface      DEBUG    yoLink_init_V4:on_connect: Re-subscribing devices after after disconnect
2025-10-23 11:10:40.509 MQTT       udi_interface.interface INFO     interface:_connect: MQTT Connected with Reason code: Success
2025-10-23 11:10:40.509 MQTT       udi_interface.interface INFO     interface:_connect: MQTT Subscribing to topic: udi/pg3/ns/clients/00:21:b9:02:6d:cd_7 -  MID: 21 Result: 0
2025-10-23 11:10:40.563 MQTT       udi_interface.interface INFO     interface:_subscribe: MQTT Subscribed Successfully for Message ID: 21. Reason codes: ['Granted QoS 0']
2025-10-23 11:10:41.439 Thread-6 (start) udi_interface      DEBUG    udiCommonLib:addNodes: Waiting for node VibrationSensor-Test Name Vibration Sensor to be ready
2025-10-23 11:10:45.184 Thread-9 (check_retry_queue) udi_interface      DEBUG    yoLink_init_V4:check_retry_queue: ['cloud'] - Testing for command retry - queue size 0  
2025-10-23 11:10:45.504 Thread-6 (start) udi_interface      DEBUG    udiCommonLib:addNodes: Waiting for node VibrationSensor-Test Name Vibration Sensor to be ready
2025-10-23 11:10:49.399 Thread-10 (check_retry_queue) udi_interface      DEBUG    yoLink_init_V4:check_retry_queue: ['local'] - Testing for command retry - queue size 0  
2025-10-23 11:10:49.533 Thread-6 (start) udi_interface      DEBUG    udiCommonLib:addNodes: Waiting for node VibrationSensor-Test Name Vibration Sensor to be ready
2025-10-23 11:10:51.495 MQTT       udi_interface.interface INFO     interface:_disconnect: MQTT Unexpected disconnection. Reason code: Unspecified error. Sent by server: False. Retry in 10 seconds.
2025-10-23 11:10:53.534 Thread-6 (start) udi_interface      DEBUG    udiCommonLib:addNodes: Waiting for node VibrationSensor-Test Name Vibration Sensor to be ready
2025-10-23 11:10:55.213 Thread-9 (check_retry_queue) udi_interface      DEBUG    yoLink_init_V4:check_retry_queue: ['cloud'] - Testing for command retry - queue size 0  
2025-10-23 11:10:57.559 Thread-6 (start) udi_interface      DEBUG    udiCommonLib:addNodes: Waiting for node VibrationSensor-Test Name Vibration Sensor to be ready
2025-10-23 11:10:59.400 Thread-10 (check_retry_queue) udi_interface      DEBUG    yoLink_init_V4:check_retry_queue: ['local'] - Testing for command retry - queue size 0  
